
The following have been reloaded with a version change:
  1) GCC/4.9.2 => GCC/6.2.0
  2) Python/2.7.9-intel-2016.u3 => Python/2.7.13-intel-2017.u2
  3) SQLite/3.8.11.1-intel-2016.u3 => SQLite/3.13.0-intel-2017.u2
  4) Tcl/8.6.5-intel-2016.u3 => Tcl/8.6.5-intel-2017.u2
  5) Tk/8.6.5-intel-2016.u3 => Tk/8.6.5-intel-2017.u2
  6) bzip2/1.0.6-intel-2016.u3 => bzip2/1.0.6-intel-2017.u2
  7) icc/2016.u3-GCC-4.9.2 => icc/2017.u2-GCC-6.2.0
  8) iccifort/2016.u3-GCC-4.9.2 => iccifort/2017.u2-GCC-6.2.0
  9) ifort/2016.u3-GCC-4.9.2 => ifort/2017.u2-GCC-6.2.0
 10) iimpi/2016.u3-GCC-4.9.2 => iimpi/2017.u2-GCC-6.2.0
 11) imkl/11.3.3.210-iimpi-2016.u3-GCC-4.9.2 => imkl/2017.2.174-iimpi-2017.u2-GCC-6.2.0
 12) impi/5.1.3.223-iccifort-2016.u3-GCC-4.9.2 => impi/2017.2.174-iccifort-2017.u2-GCC-6.2.0
 13) intel/2016.u3 => intel/2017.u2
 14) libffi/3.2.1-intel-2016.u3 => libffi/3.2.1-intel-2017.u2
 15) libreadline/6.3-intel-2016.u3 => libreadline/6.3-intel-2017.u2
 16) ncurses/5.9-intel-2016.u3 => ncurses/6.0-intel-2017.u2
 17) zlib/1.2.8-intel-2016.u3 => zlib/1.2.8-intel-2017.u2

2020-09-30 15:19:40.196819: I tensorflow/core/platform/cpu_feature_guard.cc:141] Your CPU supports instructions that this TensorFlow binary was not compiled to use: AVX2 FMA
2020-09-30 15:19:40.322673: I tensorflow/core/common_runtime/gpu/gpu_device.cc:1411] Found device 0 with properties: 
name: Tesla P100-PCIE-12GB major: 6 minor: 0 memoryClockRate(GHz): 1.3285
pciBusID: 0000:03:00.0
totalMemory: 11.91GiB freeMemory: 11.66GiB
2020-09-30 15:19:40.322756: I tensorflow/core/common_runtime/gpu/gpu_device.cc:1490] Adding visible gpu devices: 0
2020-09-30 15:19:40.684975: I tensorflow/core/common_runtime/gpu/gpu_device.cc:971] Device interconnect StreamExecutor with strength 1 edge matrix:
2020-09-30 15:19:40.685054: I tensorflow/core/common_runtime/gpu/gpu_device.cc:977]      0 
2020-09-30 15:19:40.685078: I tensorflow/core/common_runtime/gpu/gpu_device.cc:990] 0:   N 
2020-09-30 15:19:40.685207: I tensorflow/core/common_runtime/gpu/gpu_device.cc:1103] Created TensorFlow device (/job:localhost/replica:0/task:0/device:GPU:0 with 11283 MB memory) -> physical GPU (device: 0, name: Tesla P100-PCIE-12GB, pci bus id: 0000:03:00.0, compute capability: 6.0)
2020-09-30 15:21:35.842820: I tensorflow/core/common_runtime/gpu/gpu_device.cc:1490] Adding visible gpu devices: 0
2020-09-30 15:21:35.842912: I tensorflow/core/common_runtime/gpu/gpu_device.cc:971] Device interconnect StreamExecutor with strength 1 edge matrix:
2020-09-30 15:21:35.842932: I tensorflow/core/common_runtime/gpu/gpu_device.cc:977]      0 
2020-09-30 15:21:35.842945: I tensorflow/core/common_runtime/gpu/gpu_device.cc:990] 0:   N 
2020-09-30 15:21:35.843035: I tensorflow/core/common_runtime/gpu/gpu_device.cc:1103] Created TensorFlow device (/job:localhost/replica:0/task:0/device:GPU:0 with 11283 MB memory) -> physical GPU (device: 0, name: Tesla P100-PCIE-12GB, pci bus id: 0000:03:00.0, compute capability: 6.0)
2020-09-30 15:23:33.153361: I tensorflow/core/common_runtime/gpu/gpu_device.cc:1490] Adding visible gpu devices: 0
2020-09-30 15:23:33.153458: I tensorflow/core/common_runtime/gpu/gpu_device.cc:971] Device interconnect StreamExecutor with strength 1 edge matrix:
2020-09-30 15:23:33.153478: I tensorflow/core/common_runtime/gpu/gpu_device.cc:977]      0 
2020-09-30 15:23:33.153491: I tensorflow/core/common_runtime/gpu/gpu_device.cc:990] 0:   N 
2020-09-30 15:23:33.153584: I tensorflow/core/common_runtime/gpu/gpu_device.cc:1103] Created TensorFlow device (/job:localhost/replica:0/task:0/device:GPU:0 with 11283 MB memory) -> physical GPU (device: 0, name: Tesla P100-PCIE-12GB, pci bus id: 0000:03:00.0, compute capability: 6.0)
2020-09-30 15:25:30.140756: I tensorflow/core/common_runtime/gpu/gpu_device.cc:1490] Adding visible gpu devices: 0
2020-09-30 15:25:30.140852: I tensorflow/core/common_runtime/gpu/gpu_device.cc:971] Device interconnect StreamExecutor with strength 1 edge matrix:
2020-09-30 15:25:30.144461: I tensorflow/core/common_runtime/gpu/gpu_device.cc:977]      0 
2020-09-30 15:25:30.144478: I tensorflow/core/common_runtime/gpu/gpu_device.cc:990] 0:   N 
2020-09-30 15:25:30.144568: I tensorflow/core/common_runtime/gpu/gpu_device.cc:1103] Created TensorFlow device (/job:localhost/replica:0/task:0/device:GPU:0 with 11283 MB memory) -> physical GPU (device: 0, name: Tesla P100-PCIE-12GB, pci bus id: 0000:03:00.0, compute capability: 6.0)
2020-09-30 15:27:25.501532: I tensorflow/core/common_runtime/gpu/gpu_device.cc:1490] Adding visible gpu devices: 0
2020-09-30 15:27:25.501624: I tensorflow/core/common_runtime/gpu/gpu_device.cc:971] Device interconnect StreamExecutor with strength 1 edge matrix:
2020-09-30 15:27:25.501644: I tensorflow/core/common_runtime/gpu/gpu_device.cc:977]      0 
2020-09-30 15:27:25.501656: I tensorflow/core/common_runtime/gpu/gpu_device.cc:990] 0:   N 
2020-09-30 15:27:25.501740: I tensorflow/core/common_runtime/gpu/gpu_device.cc:1103] Created TensorFlow device (/job:localhost/replica:0/task:0/device:GPU:0 with 11283 MB memory) -> physical GPU (device: 0, name: Tesla P100-PCIE-12GB, pci bus id: 0000:03:00.0, compute capability: 6.0)
2020-09-30 15:29:22.440066: I tensorflow/core/common_runtime/gpu/gpu_device.cc:1490] Adding visible gpu devices: 0
2020-09-30 15:29:22.440171: I tensorflow/core/common_runtime/gpu/gpu_device.cc:971] Device interconnect StreamExecutor with strength 1 edge matrix:
2020-09-30 15:29:22.440190: I tensorflow/core/common_runtime/gpu/gpu_device.cc:977]      0 
2020-09-30 15:29:22.440203: I tensorflow/core/common_runtime/gpu/gpu_device.cc:990] 0:   N 
2020-09-30 15:29:22.440301: I tensorflow/core/common_runtime/gpu/gpu_device.cc:1103] Created TensorFlow device (/job:localhost/replica:0/task:0/device:GPU:0 with 11283 MB memory) -> physical GPU (device: 0, name: Tesla P100-PCIE-12GB, pci bus id: 0000:03:00.0, compute capability: 6.0)
2020-09-30 15:31:16.725213: I tensorflow/core/common_runtime/gpu/gpu_device.cc:1490] Adding visible gpu devices: 0
2020-09-30 15:31:16.725312: I tensorflow/core/common_runtime/gpu/gpu_device.cc:971] Device interconnect StreamExecutor with strength 1 edge matrix:
2020-09-30 15:31:16.725331: I tensorflow/core/common_runtime/gpu/gpu_device.cc:977]      0 
2020-09-30 15:31:16.725344: I tensorflow/core/common_runtime/gpu/gpu_device.cc:990] 0:   N 
2020-09-30 15:31:16.725439: I tensorflow/core/common_runtime/gpu/gpu_device.cc:1103] Created TensorFlow device (/job:localhost/replica:0/task:0/device:GPU:0 with 11283 MB memory) -> physical GPU (device: 0, name: Tesla P100-PCIE-12GB, pci bus id: 0000:03:00.0, compute capability: 6.0)
2020-09-30 15:33:12.885483: I tensorflow/core/common_runtime/gpu/gpu_device.cc:1490] Adding visible gpu devices: 0
2020-09-30 15:33:12.885580: I tensorflow/core/common_runtime/gpu/gpu_device.cc:971] Device interconnect StreamExecutor with strength 1 edge matrix:
2020-09-30 15:33:12.885599: I tensorflow/core/common_runtime/gpu/gpu_device.cc:977]      0 
2020-09-30 15:33:12.885612: I tensorflow/core/common_runtime/gpu/gpu_device.cc:990] 0:   N 
2020-09-30 15:33:12.885710: I tensorflow/core/common_runtime/gpu/gpu_device.cc:1103] Created TensorFlow device (/job:localhost/replica:0/task:0/device:GPU:0 with 11283 MB memory) -> physical GPU (device: 0, name: Tesla P100-PCIE-12GB, pci bus id: 0000:03:00.0, compute capability: 6.0)
2020-09-30 15:35:06.842199: I tensorflow/core/common_runtime/gpu/gpu_device.cc:1490] Adding visible gpu devices: 0
2020-09-30 15:35:06.842299: I tensorflow/core/common_runtime/gpu/gpu_device.cc:971] Device interconnect StreamExecutor with strength 1 edge matrix:
2020-09-30 15:35:06.842318: I tensorflow/core/common_runtime/gpu/gpu_device.cc:977]      0 
2020-09-30 15:35:06.842331: I tensorflow/core/common_runtime/gpu/gpu_device.cc:990] 0:   N 
2020-09-30 15:35:06.842415: I tensorflow/core/common_runtime/gpu/gpu_device.cc:1103] Created TensorFlow device (/job:localhost/replica:0/task:0/device:GPU:0 with 11283 MB memory) -> physical GPU (device: 0, name: Tesla P100-PCIE-12GB, pci bus id: 0000:03:00.0, compute capability: 6.0)
2020-09-30 15:37:01.701051: I tensorflow/core/common_runtime/gpu/gpu_device.cc:1490] Adding visible gpu devices: 0
2020-09-30 15:37:01.701153: I tensorflow/core/common_runtime/gpu/gpu_device.cc:971] Device interconnect StreamExecutor with strength 1 edge matrix:
2020-09-30 15:37:01.701172: I tensorflow/core/common_runtime/gpu/gpu_device.cc:977]      0 
2020-09-30 15:37:01.701185: I tensorflow/core/common_runtime/gpu/gpu_device.cc:990] 0:   N 
2020-09-30 15:37:01.701272: I tensorflow/core/common_runtime/gpu/gpu_device.cc:1103] Created TensorFlow device (/job:localhost/replica:0/task:0/device:GPU:0 with 11283 MB memory) -> physical GPU (device: 0, name: Tesla P100-PCIE-12GB, pci bus id: 0000:03:00.0, compute capability: 6.0)
2020-09-30 15:38:57.018451: I tensorflow/core/common_runtime/gpu/gpu_device.cc:1490] Adding visible gpu devices: 0
2020-09-30 15:38:57.018546: I tensorflow/core/common_runtime/gpu/gpu_device.cc:971] Device interconnect StreamExecutor with strength 1 edge matrix:
2020-09-30 15:38:57.018565: I tensorflow/core/common_runtime/gpu/gpu_device.cc:977]      0 
2020-09-30 15:38:57.018578: I tensorflow/core/common_runtime/gpu/gpu_device.cc:990] 0:   N 
2020-09-30 15:38:57.018663: I tensorflow/core/common_runtime/gpu/gpu_device.cc:1103] Created TensorFlow device (/job:localhost/replica:0/task:0/device:GPU:0 with 11283 MB memory) -> physical GPU (device: 0, name: Tesla P100-PCIE-12GB, pci bus id: 0000:03:00.0, compute capability: 6.0)
