
The following have been reloaded with a version change:
  1) GCC/4.9.2 => GCC/6.2.0
  2) Python/2.7.9-intel-2016.u3 => Python/2.7.13-intel-2017.u2
  3) SQLite/3.8.11.1-intel-2016.u3 => SQLite/3.13.0-intel-2017.u2
  4) Tcl/8.6.5-intel-2016.u3 => Tcl/8.6.5-intel-2017.u2
  5) Tk/8.6.5-intel-2016.u3 => Tk/8.6.5-intel-2017.u2
  6) bzip2/1.0.6-intel-2016.u3 => bzip2/1.0.6-intel-2017.u2
  7) icc/2016.u3-GCC-4.9.2 => icc/2017.u2-GCC-6.2.0
  8) iccifort/2016.u3-GCC-4.9.2 => iccifort/2017.u2-GCC-6.2.0
  9) ifort/2016.u3-GCC-4.9.2 => ifort/2017.u2-GCC-6.2.0
 10) iimpi/2016.u3-GCC-4.9.2 => iimpi/2017.u2-GCC-6.2.0
 11) imkl/11.3.3.210-iimpi-2016.u3-GCC-4.9.2 => imkl/2017.2.174-iimpi-2017.u2-GCC-6.2.0
 12) impi/5.1.3.223-iccifort-2016.u3-GCC-4.9.2 => impi/2017.2.174-iccifort-2017.u2-GCC-6.2.0
 13) intel/2016.u3 => intel/2017.u2
 14) libffi/3.2.1-intel-2016.u3 => libffi/3.2.1-intel-2017.u2
 15) libreadline/6.3-intel-2016.u3 => libreadline/6.3-intel-2017.u2
 16) ncurses/5.9-intel-2016.u3 => ncurses/6.0-intel-2017.u2
 17) zlib/1.2.8-intel-2016.u3 => zlib/1.2.8-intel-2017.u2

2020-09-30 13:43:23.617638: I tensorflow/core/platform/cpu_feature_guard.cc:141] Your CPU supports instructions that this TensorFlow binary was not compiled to use: AVX2 FMA
2020-09-30 13:43:23.737527: I tensorflow/core/common_runtime/gpu/gpu_device.cc:1411] Found device 0 with properties: 
name: Tesla P100-PCIE-12GB major: 6 minor: 0 memoryClockRate(GHz): 1.3285
pciBusID: 0000:03:00.0
totalMemory: 11.91GiB freeMemory: 11.66GiB
2020-09-30 13:43:23.737632: I tensorflow/core/common_runtime/gpu/gpu_device.cc:1490] Adding visible gpu devices: 0
2020-09-30 13:43:33.365771: I tensorflow/core/common_runtime/gpu/gpu_device.cc:971] Device interconnect StreamExecutor with strength 1 edge matrix:
2020-09-30 13:43:33.365870: I tensorflow/core/common_runtime/gpu/gpu_device.cc:977]      0 
2020-09-30 13:43:33.365889: I tensorflow/core/common_runtime/gpu/gpu_device.cc:990] 0:   N 
2020-09-30 13:43:33.366036: I tensorflow/core/common_runtime/gpu/gpu_device.cc:1103] Created TensorFlow device (/job:localhost/replica:0/task:0/device:GPU:0 with 11283 MB memory) -> physical GPU (device: 0, name: Tesla P100-PCIE-12GB, pci bus id: 0000:03:00.0, compute capability: 6.0)
2020-09-30 13:45:28.675504: I tensorflow/core/common_runtime/gpu/gpu_device.cc:1490] Adding visible gpu devices: 0
2020-09-30 13:45:28.675620: I tensorflow/core/common_runtime/gpu/gpu_device.cc:971] Device interconnect StreamExecutor with strength 1 edge matrix:
2020-09-30 13:45:28.675641: I tensorflow/core/common_runtime/gpu/gpu_device.cc:977]      0 
2020-09-30 13:45:28.675655: I tensorflow/core/common_runtime/gpu/gpu_device.cc:990] 0:   N 
2020-09-30 13:45:28.675742: I tensorflow/core/common_runtime/gpu/gpu_device.cc:1103] Created TensorFlow device (/job:localhost/replica:0/task:0/device:GPU:0 with 11283 MB memory) -> physical GPU (device: 0, name: Tesla P100-PCIE-12GB, pci bus id: 0000:03:00.0, compute capability: 6.0)
2020-09-30 13:47:23.348441: I tensorflow/core/common_runtime/gpu/gpu_device.cc:1490] Adding visible gpu devices: 0
2020-09-30 13:47:23.348554: I tensorflow/core/common_runtime/gpu/gpu_device.cc:971] Device interconnect StreamExecutor with strength 1 edge matrix:
2020-09-30 13:47:23.348576: I tensorflow/core/common_runtime/gpu/gpu_device.cc:977]      0 
2020-09-30 13:47:23.348591: I tensorflow/core/common_runtime/gpu/gpu_device.cc:990] 0:   N 
2020-09-30 13:47:23.348707: I tensorflow/core/common_runtime/gpu/gpu_device.cc:1103] Created TensorFlow device (/job:localhost/replica:0/task:0/device:GPU:0 with 11283 MB memory) -> physical GPU (device: 0, name: Tesla P100-PCIE-12GB, pci bus id: 0000:03:00.0, compute capability: 6.0)
2020-09-30 13:49:18.706287: I tensorflow/core/common_runtime/gpu/gpu_device.cc:1490] Adding visible gpu devices: 0
2020-09-30 13:49:18.706391: I tensorflow/core/common_runtime/gpu/gpu_device.cc:971] Device interconnect StreamExecutor with strength 1 edge matrix:
2020-09-30 13:49:18.709443: I tensorflow/core/common_runtime/gpu/gpu_device.cc:977]      0 
2020-09-30 13:49:18.709466: I tensorflow/core/common_runtime/gpu/gpu_device.cc:990] 0:   N 
2020-09-30 13:49:18.709593: I tensorflow/core/common_runtime/gpu/gpu_device.cc:1103] Created TensorFlow device (/job:localhost/replica:0/task:0/device:GPU:0 with 11283 MB memory) -> physical GPU (device: 0, name: Tesla P100-PCIE-12GB, pci bus id: 0000:03:00.0, compute capability: 6.0)
2020-09-30 13:51:13.544926: I tensorflow/core/common_runtime/gpu/gpu_device.cc:1490] Adding visible gpu devices: 0
2020-09-30 13:51:13.545030: I tensorflow/core/common_runtime/gpu/gpu_device.cc:971] Device interconnect StreamExecutor with strength 1 edge matrix:
2020-09-30 13:51:13.545049: I tensorflow/core/common_runtime/gpu/gpu_device.cc:977]      0 
2020-09-30 13:51:13.545063: I tensorflow/core/common_runtime/gpu/gpu_device.cc:990] 0:   N 
2020-09-30 13:51:13.545151: I tensorflow/core/common_runtime/gpu/gpu_device.cc:1103] Created TensorFlow device (/job:localhost/replica:0/task:0/device:GPU:0 with 11283 MB memory) -> physical GPU (device: 0, name: Tesla P100-PCIE-12GB, pci bus id: 0000:03:00.0, compute capability: 6.0)
2020-09-30 13:53:07.712089: I tensorflow/core/common_runtime/gpu/gpu_device.cc:1490] Adding visible gpu devices: 0
2020-09-30 13:53:07.712190: I tensorflow/core/common_runtime/gpu/gpu_device.cc:971] Device interconnect StreamExecutor with strength 1 edge matrix:
2020-09-30 13:53:07.712209: I tensorflow/core/common_runtime/gpu/gpu_device.cc:977]      0 
2020-09-30 13:53:07.712223: I tensorflow/core/common_runtime/gpu/gpu_device.cc:990] 0:   N 
2020-09-30 13:53:07.712325: I tensorflow/core/common_runtime/gpu/gpu_device.cc:1103] Created TensorFlow device (/job:localhost/replica:0/task:0/device:GPU:0 with 11283 MB memory) -> physical GPU (device: 0, name: Tesla P100-PCIE-12GB, pci bus id: 0000:03:00.0, compute capability: 6.0)
2020-09-30 13:55:00.919722: I tensorflow/core/common_runtime/gpu/gpu_device.cc:1490] Adding visible gpu devices: 0
2020-09-30 13:55:00.919831: I tensorflow/core/common_runtime/gpu/gpu_device.cc:971] Device interconnect StreamExecutor with strength 1 edge matrix:
2020-09-30 13:55:00.919851: I tensorflow/core/common_runtime/gpu/gpu_device.cc:977]      0 
2020-09-30 13:55:00.919865: I tensorflow/core/common_runtime/gpu/gpu_device.cc:990] 0:   N 
2020-09-30 13:55:00.919952: I tensorflow/core/common_runtime/gpu/gpu_device.cc:1103] Created TensorFlow device (/job:localhost/replica:0/task:0/device:GPU:0 with 11283 MB memory) -> physical GPU (device: 0, name: Tesla P100-PCIE-12GB, pci bus id: 0000:03:00.0, compute capability: 6.0)
2020-09-30 13:56:53.935097: I tensorflow/core/common_runtime/gpu/gpu_device.cc:1490] Adding visible gpu devices: 0
2020-09-30 13:56:53.935200: I tensorflow/core/common_runtime/gpu/gpu_device.cc:971] Device interconnect StreamExecutor with strength 1 edge matrix:
2020-09-30 13:56:53.935219: I tensorflow/core/common_runtime/gpu/gpu_device.cc:977]      0 
2020-09-30 13:56:53.935232: I tensorflow/core/common_runtime/gpu/gpu_device.cc:990] 0:   N 
2020-09-30 13:56:53.935332: I tensorflow/core/common_runtime/gpu/gpu_device.cc:1103] Created TensorFlow device (/job:localhost/replica:0/task:0/device:GPU:0 with 11283 MB memory) -> physical GPU (device: 0, name: Tesla P100-PCIE-12GB, pci bus id: 0000:03:00.0, compute capability: 6.0)
2020-09-30 13:58:46.603771: I tensorflow/core/common_runtime/gpu/gpu_device.cc:1490] Adding visible gpu devices: 0
2020-09-30 13:58:46.603874: I tensorflow/core/common_runtime/gpu/gpu_device.cc:971] Device interconnect StreamExecutor with strength 1 edge matrix:
2020-09-30 13:58:46.603894: I tensorflow/core/common_runtime/gpu/gpu_device.cc:977]      0 
2020-09-30 13:58:46.603908: I tensorflow/core/common_runtime/gpu/gpu_device.cc:990] 0:   N 
2020-09-30 13:58:46.604009: I tensorflow/core/common_runtime/gpu/gpu_device.cc:1103] Created TensorFlow device (/job:localhost/replica:0/task:0/device:GPU:0 with 11283 MB memory) -> physical GPU (device: 0, name: Tesla P100-PCIE-12GB, pci bus id: 0000:03:00.0, compute capability: 6.0)
2020-09-30 14:00:39.045748: I tensorflow/core/common_runtime/gpu/gpu_device.cc:1490] Adding visible gpu devices: 0
2020-09-30 14:00:39.045850: I tensorflow/core/common_runtime/gpu/gpu_device.cc:971] Device interconnect StreamExecutor with strength 1 edge matrix:
2020-09-30 14:00:39.045871: I tensorflow/core/common_runtime/gpu/gpu_device.cc:977]      0 
2020-09-30 14:00:39.045884: I tensorflow/core/common_runtime/gpu/gpu_device.cc:990] 0:   N 
2020-09-30 14:00:39.045969: I tensorflow/core/common_runtime/gpu/gpu_device.cc:1103] Created TensorFlow device (/job:localhost/replica:0/task:0/device:GPU:0 with 11283 MB memory) -> physical GPU (device: 0, name: Tesla P100-PCIE-12GB, pci bus id: 0000:03:00.0, compute capability: 6.0)
2020-09-30 14:02:31.907388: I tensorflow/core/common_runtime/gpu/gpu_device.cc:1490] Adding visible gpu devices: 0
2020-09-30 14:02:31.907496: I tensorflow/core/common_runtime/gpu/gpu_device.cc:971] Device interconnect StreamExecutor with strength 1 edge matrix:
2020-09-30 14:02:31.907516: I tensorflow/core/common_runtime/gpu/gpu_device.cc:977]      0 
2020-09-30 14:02:31.907529: I tensorflow/core/common_runtime/gpu/gpu_device.cc:990] 0:   N 
2020-09-30 14:02:31.907654: I tensorflow/core/common_runtime/gpu/gpu_device.cc:1103] Created TensorFlow device (/job:localhost/replica:0/task:0/device:GPU:0 with 11283 MB memory) -> physical GPU (device: 0, name: Tesla P100-PCIE-12GB, pci bus id: 0000:03:00.0, compute capability: 6.0)
