
The following have been reloaded with a version change:
  1) GCC/4.9.2 => GCC/6.2.0
  2) Python/2.7.9-intel-2016.u3 => Python/2.7.13-intel-2017.u2
  3) SQLite/3.8.11.1-intel-2016.u3 => SQLite/3.13.0-intel-2017.u2
  4) Tcl/8.6.5-intel-2016.u3 => Tcl/8.6.5-intel-2017.u2
  5) Tk/8.6.5-intel-2016.u3 => Tk/8.6.5-intel-2017.u2
  6) bzip2/1.0.6-intel-2016.u3 => bzip2/1.0.6-intel-2017.u2
  7) icc/2016.u3-GCC-4.9.2 => icc/2017.u2-GCC-6.2.0
  8) iccifort/2016.u3-GCC-4.9.2 => iccifort/2017.u2-GCC-6.2.0
  9) ifort/2016.u3-GCC-4.9.2 => ifort/2017.u2-GCC-6.2.0
 10) iimpi/2016.u3-GCC-4.9.2 => iimpi/2017.u2-GCC-6.2.0
 11) imkl/11.3.3.210-iimpi-2016.u3-GCC-4.9.2 => imkl/2017.2.174-iimpi-2017.u2-GCC-6.2.0
 12) impi/5.1.3.223-iccifort-2016.u3-GCC-4.9.2 => impi/2017.2.174-iccifort-2017.u2-GCC-6.2.0
 13) intel/2016.u3 => intel/2017.u2
 14) libffi/3.2.1-intel-2016.u3 => libffi/3.2.1-intel-2017.u2
 15) libreadline/6.3-intel-2016.u3 => libreadline/6.3-intel-2017.u2
 16) ncurses/5.9-intel-2016.u3 => ncurses/6.0-intel-2017.u2
 17) zlib/1.2.8-intel-2016.u3 => zlib/1.2.8-intel-2017.u2

2020-10-01 04:04:07.568538: I tensorflow/core/platform/cpu_feature_guard.cc:141] Your CPU supports instructions that this TensorFlow binary was not compiled to use: AVX2 FMA
2020-10-01 04:04:07.722636: I tensorflow/core/common_runtime/gpu/gpu_device.cc:1411] Found device 0 with properties: 
name: Tesla P100-PCIE-12GB major: 6 minor: 0 memoryClockRate(GHz): 1.3285
pciBusID: 0000:03:00.0
totalMemory: 11.91GiB freeMemory: 11.66GiB
2020-10-01 04:04:07.722720: I tensorflow/core/common_runtime/gpu/gpu_device.cc:1490] Adding visible gpu devices: 0
2020-10-01 04:04:12.521013: I tensorflow/core/common_runtime/gpu/gpu_device.cc:971] Device interconnect StreamExecutor with strength 1 edge matrix:
2020-10-01 04:04:12.521096: I tensorflow/core/common_runtime/gpu/gpu_device.cc:977]      0 
2020-10-01 04:04:12.521114: I tensorflow/core/common_runtime/gpu/gpu_device.cc:990] 0:   N 
2020-10-01 04:04:12.521249: I tensorflow/core/common_runtime/gpu/gpu_device.cc:1103] Created TensorFlow device (/job:localhost/replica:0/task:0/device:GPU:0 with 11283 MB memory) -> physical GPU (device: 0, name: Tesla P100-PCIE-12GB, pci bus id: 0000:03:00.0, compute capability: 6.0)
2020-10-01 04:06:08.223787: I tensorflow/core/common_runtime/gpu/gpu_device.cc:1490] Adding visible gpu devices: 0
2020-10-01 04:06:08.223893: I tensorflow/core/common_runtime/gpu/gpu_device.cc:971] Device interconnect StreamExecutor with strength 1 edge matrix:
2020-10-01 04:06:08.223923: I tensorflow/core/common_runtime/gpu/gpu_device.cc:977]      0 
2020-10-01 04:06:08.223938: I tensorflow/core/common_runtime/gpu/gpu_device.cc:990] 0:   N 
2020-10-01 04:06:08.224043: I tensorflow/core/common_runtime/gpu/gpu_device.cc:1103] Created TensorFlow device (/job:localhost/replica:0/task:0/device:GPU:0 with 11283 MB memory) -> physical GPU (device: 0, name: Tesla P100-PCIE-12GB, pci bus id: 0000:03:00.0, compute capability: 6.0)
2020-10-01 04:08:01.098422: I tensorflow/core/common_runtime/gpu/gpu_device.cc:1490] Adding visible gpu devices: 0
2020-10-01 04:08:01.098522: I tensorflow/core/common_runtime/gpu/gpu_device.cc:971] Device interconnect StreamExecutor with strength 1 edge matrix:
2020-10-01 04:08:01.098542: I tensorflow/core/common_runtime/gpu/gpu_device.cc:977]      0 
2020-10-01 04:08:01.098555: I tensorflow/core/common_runtime/gpu/gpu_device.cc:990] 0:   N 
2020-10-01 04:08:01.098654: I tensorflow/core/common_runtime/gpu/gpu_device.cc:1103] Created TensorFlow device (/job:localhost/replica:0/task:0/device:GPU:0 with 11283 MB memory) -> physical GPU (device: 0, name: Tesla P100-PCIE-12GB, pci bus id: 0000:03:00.0, compute capability: 6.0)
2020-10-01 04:09:57.036345: I tensorflow/core/common_runtime/gpu/gpu_device.cc:1490] Adding visible gpu devices: 0
2020-10-01 04:09:57.036451: I tensorflow/core/common_runtime/gpu/gpu_device.cc:971] Device interconnect StreamExecutor with strength 1 edge matrix:
2020-10-01 04:09:57.039688: I tensorflow/core/common_runtime/gpu/gpu_device.cc:977]      0 
2020-10-01 04:09:57.039712: I tensorflow/core/common_runtime/gpu/gpu_device.cc:990] 0:   N 
2020-10-01 04:09:57.039842: I tensorflow/core/common_runtime/gpu/gpu_device.cc:1103] Created TensorFlow device (/job:localhost/replica:0/task:0/device:GPU:0 with 11283 MB memory) -> physical GPU (device: 0, name: Tesla P100-PCIE-12GB, pci bus id: 0000:03:00.0, compute capability: 6.0)
2020-10-01 04:11:52.707286: I tensorflow/core/common_runtime/gpu/gpu_device.cc:1490] Adding visible gpu devices: 0
2020-10-01 04:11:52.707397: I tensorflow/core/common_runtime/gpu/gpu_device.cc:971] Device interconnect StreamExecutor with strength 1 edge matrix:
2020-10-01 04:11:52.707417: I tensorflow/core/common_runtime/gpu/gpu_device.cc:977]      0 
2020-10-01 04:11:52.707430: I tensorflow/core/common_runtime/gpu/gpu_device.cc:990] 0:   N 
2020-10-01 04:11:52.707540: I tensorflow/core/common_runtime/gpu/gpu_device.cc:1103] Created TensorFlow device (/job:localhost/replica:0/task:0/device:GPU:0 with 11283 MB memory) -> physical GPU (device: 0, name: Tesla P100-PCIE-12GB, pci bus id: 0000:03:00.0, compute capability: 6.0)
2020-10-01 04:13:47.386665: I tensorflow/core/common_runtime/gpu/gpu_device.cc:1490] Adding visible gpu devices: 0
2020-10-01 04:13:47.386774: I tensorflow/core/common_runtime/gpu/gpu_device.cc:971] Device interconnect StreamExecutor with strength 1 edge matrix:
2020-10-01 04:13:47.386794: I tensorflow/core/common_runtime/gpu/gpu_device.cc:977]      0 
2020-10-01 04:13:47.386807: I tensorflow/core/common_runtime/gpu/gpu_device.cc:990] 0:   N 
2020-10-01 04:13:47.386908: I tensorflow/core/common_runtime/gpu/gpu_device.cc:1103] Created TensorFlow device (/job:localhost/replica:0/task:0/device:GPU:0 with 11283 MB memory) -> physical GPU (device: 0, name: Tesla P100-PCIE-12GB, pci bus id: 0000:03:00.0, compute capability: 6.0)
2020-10-01 04:15:42.762565: I tensorflow/core/common_runtime/gpu/gpu_device.cc:1490] Adding visible gpu devices: 0
2020-10-01 04:15:42.762675: I tensorflow/core/common_runtime/gpu/gpu_device.cc:971] Device interconnect StreamExecutor with strength 1 edge matrix:
2020-10-01 04:15:42.762696: I tensorflow/core/common_runtime/gpu/gpu_device.cc:977]      0 
2020-10-01 04:15:42.762709: I tensorflow/core/common_runtime/gpu/gpu_device.cc:990] 0:   N 
2020-10-01 04:15:42.762816: I tensorflow/core/common_runtime/gpu/gpu_device.cc:1103] Created TensorFlow device (/job:localhost/replica:0/task:0/device:GPU:0 with 11283 MB memory) -> physical GPU (device: 0, name: Tesla P100-PCIE-12GB, pci bus id: 0000:03:00.0, compute capability: 6.0)
2020-10-01 04:17:38.470496: I tensorflow/core/common_runtime/gpu/gpu_device.cc:1490] Adding visible gpu devices: 0
2020-10-01 04:17:38.470604: I tensorflow/core/common_runtime/gpu/gpu_device.cc:971] Device interconnect StreamExecutor with strength 1 edge matrix:
2020-10-01 04:17:38.470625: I tensorflow/core/common_runtime/gpu/gpu_device.cc:977]      0 
2020-10-01 04:17:38.470638: I tensorflow/core/common_runtime/gpu/gpu_device.cc:990] 0:   N 
2020-10-01 04:17:38.470729: I tensorflow/core/common_runtime/gpu/gpu_device.cc:1103] Created TensorFlow device (/job:localhost/replica:0/task:0/device:GPU:0 with 11283 MB memory) -> physical GPU (device: 0, name: Tesla P100-PCIE-12GB, pci bus id: 0000:03:00.0, compute capability: 6.0)
2020-10-01 04:19:31.404542: I tensorflow/core/common_runtime/gpu/gpu_device.cc:1490] Adding visible gpu devices: 0
2020-10-01 04:19:31.404651: I tensorflow/core/common_runtime/gpu/gpu_device.cc:971] Device interconnect StreamExecutor with strength 1 edge matrix:
2020-10-01 04:19:31.404672: I tensorflow/core/common_runtime/gpu/gpu_device.cc:977]      0 
2020-10-01 04:19:31.404685: I tensorflow/core/common_runtime/gpu/gpu_device.cc:990] 0:   N 
2020-10-01 04:19:31.404777: I tensorflow/core/common_runtime/gpu/gpu_device.cc:1103] Created TensorFlow device (/job:localhost/replica:0/task:0/device:GPU:0 with 11283 MB memory) -> physical GPU (device: 0, name: Tesla P100-PCIE-12GB, pci bus id: 0000:03:00.0, compute capability: 6.0)
2020-10-01 04:21:25.954909: I tensorflow/core/common_runtime/gpu/gpu_device.cc:1490] Adding visible gpu devices: 0
2020-10-01 04:21:25.955005: I tensorflow/core/common_runtime/gpu/gpu_device.cc:971] Device interconnect StreamExecutor with strength 1 edge matrix:
2020-10-01 04:21:25.955026: I tensorflow/core/common_runtime/gpu/gpu_device.cc:977]      0 
2020-10-01 04:21:25.955039: I tensorflow/core/common_runtime/gpu/gpu_device.cc:990] 0:   N 
2020-10-01 04:21:25.955152: I tensorflow/core/common_runtime/gpu/gpu_device.cc:1103] Created TensorFlow device (/job:localhost/replica:0/task:0/device:GPU:0 with 11283 MB memory) -> physical GPU (device: 0, name: Tesla P100-PCIE-12GB, pci bus id: 0000:03:00.0, compute capability: 6.0)
2020-10-01 04:23:20.590625: I tensorflow/core/common_runtime/gpu/gpu_device.cc:1490] Adding visible gpu devices: 0
2020-10-01 04:23:20.590734: I tensorflow/core/common_runtime/gpu/gpu_device.cc:971] Device interconnect StreamExecutor with strength 1 edge matrix:
2020-10-01 04:23:20.590754: I tensorflow/core/common_runtime/gpu/gpu_device.cc:977]      0 
2020-10-01 04:23:20.590768: I tensorflow/core/common_runtime/gpu/gpu_device.cc:990] 0:   N 
2020-10-01 04:23:20.590864: I tensorflow/core/common_runtime/gpu/gpu_device.cc:1103] Created TensorFlow device (/job:localhost/replica:0/task:0/device:GPU:0 with 11283 MB memory) -> physical GPU (device: 0, name: Tesla P100-PCIE-12GB, pci bus id: 0000:03:00.0, compute capability: 6.0)
