
The following have been reloaded with a version change:
  1) GCC/4.9.2 => GCC/6.2.0
  2) Python/2.7.9-intel-2016.u3 => Python/2.7.13-intel-2017.u2
  3) SQLite/3.8.11.1-intel-2016.u3 => SQLite/3.13.0-intel-2017.u2
  4) Tcl/8.6.5-intel-2016.u3 => Tcl/8.6.5-intel-2017.u2
  5) Tk/8.6.5-intel-2016.u3 => Tk/8.6.5-intel-2017.u2
  6) bzip2/1.0.6-intel-2016.u3 => bzip2/1.0.6-intel-2017.u2
  7) icc/2016.u3-GCC-4.9.2 => icc/2017.u2-GCC-6.2.0
  8) iccifort/2016.u3-GCC-4.9.2 => iccifort/2017.u2-GCC-6.2.0
  9) ifort/2016.u3-GCC-4.9.2 => ifort/2017.u2-GCC-6.2.0
 10) iimpi/2016.u3-GCC-4.9.2 => iimpi/2017.u2-GCC-6.2.0
 11) imkl/11.3.3.210-iimpi-2016.u3-GCC-4.9.2 => imkl/2017.2.174-iimpi-2017.u2-GCC-6.2.0
 12) impi/5.1.3.223-iccifort-2016.u3-GCC-4.9.2 => impi/2017.2.174-iccifort-2017.u2-GCC-6.2.0
 13) intel/2016.u3 => intel/2017.u2
 14) libffi/3.2.1-intel-2016.u3 => libffi/3.2.1-intel-2017.u2
 15) libreadline/6.3-intel-2016.u3 => libreadline/6.3-intel-2017.u2
 16) ncurses/5.9-intel-2016.u3 => ncurses/6.0-intel-2017.u2
 17) zlib/1.2.8-intel-2016.u3 => zlib/1.2.8-intel-2017.u2

2020-10-02 20:12:54.322783: I tensorflow/core/platform/cpu_feature_guard.cc:141] Your CPU supports instructions that this TensorFlow binary was not compiled to use: AVX2 FMA
2020-10-02 20:12:54.453602: I tensorflow/core/common_runtime/gpu/gpu_device.cc:1411] Found device 0 with properties: 
name: Tesla P100-PCIE-12GB major: 6 minor: 0 memoryClockRate(GHz): 1.3285
pciBusID: 0000:03:00.0
totalMemory: 11.91GiB freeMemory: 11.66GiB
2020-10-02 20:12:54.453695: I tensorflow/core/common_runtime/gpu/gpu_device.cc:1490] Adding visible gpu devices: 0
2020-10-02 20:12:54.812334: I tensorflow/core/common_runtime/gpu/gpu_device.cc:971] Device interconnect StreamExecutor with strength 1 edge matrix:
2020-10-02 20:12:54.812415: I tensorflow/core/common_runtime/gpu/gpu_device.cc:977]      0 
2020-10-02 20:12:54.812432: I tensorflow/core/common_runtime/gpu/gpu_device.cc:990] 0:   N 
2020-10-02 20:12:54.812557: I tensorflow/core/common_runtime/gpu/gpu_device.cc:1103] Created TensorFlow device (/job:localhost/replica:0/task:0/device:GPU:0 with 11283 MB memory) -> physical GPU (device: 0, name: Tesla P100-PCIE-12GB, pci bus id: 0000:03:00.0, compute capability: 6.0)
2020-10-02 20:14:47.721151: I tensorflow/core/common_runtime/gpu/gpu_device.cc:1490] Adding visible gpu devices: 0
2020-10-02 20:14:47.721258: I tensorflow/core/common_runtime/gpu/gpu_device.cc:971] Device interconnect StreamExecutor with strength 1 edge matrix:
2020-10-02 20:14:47.721279: I tensorflow/core/common_runtime/gpu/gpu_device.cc:977]      0 
2020-10-02 20:14:47.721292: I tensorflow/core/common_runtime/gpu/gpu_device.cc:990] 0:   N 
2020-10-02 20:14:47.721380: I tensorflow/core/common_runtime/gpu/gpu_device.cc:1103] Created TensorFlow device (/job:localhost/replica:0/task:0/device:GPU:0 with 11283 MB memory) -> physical GPU (device: 0, name: Tesla P100-PCIE-12GB, pci bus id: 0000:03:00.0, compute capability: 6.0)
2020-10-02 20:16:39.689828: I tensorflow/core/common_runtime/gpu/gpu_device.cc:1490] Adding visible gpu devices: 0
2020-10-02 20:16:39.689934: I tensorflow/core/common_runtime/gpu/gpu_device.cc:971] Device interconnect StreamExecutor with strength 1 edge matrix:
2020-10-02 20:16:39.689955: I tensorflow/core/common_runtime/gpu/gpu_device.cc:977]      0 
2020-10-02 20:16:39.689968: I tensorflow/core/common_runtime/gpu/gpu_device.cc:990] 0:   N 
2020-10-02 20:16:39.690083: I tensorflow/core/common_runtime/gpu/gpu_device.cc:1103] Created TensorFlow device (/job:localhost/replica:0/task:0/device:GPU:0 with 11283 MB memory) -> physical GPU (device: 0, name: Tesla P100-PCIE-12GB, pci bus id: 0000:03:00.0, compute capability: 6.0)
2020-10-02 20:18:31.477762: I tensorflow/core/common_runtime/gpu/gpu_device.cc:1490] Adding visible gpu devices: 0
2020-10-02 20:18:31.477867: I tensorflow/core/common_runtime/gpu/gpu_device.cc:971] Device interconnect StreamExecutor with strength 1 edge matrix:
2020-10-02 20:18:31.481291: I tensorflow/core/common_runtime/gpu/gpu_device.cc:977]      0 
2020-10-02 20:18:31.481310: I tensorflow/core/common_runtime/gpu/gpu_device.cc:990] 0:   N 
2020-10-02 20:18:31.481422: I tensorflow/core/common_runtime/gpu/gpu_device.cc:1103] Created TensorFlow device (/job:localhost/replica:0/task:0/device:GPU:0 with 11283 MB memory) -> physical GPU (device: 0, name: Tesla P100-PCIE-12GB, pci bus id: 0000:03:00.0, compute capability: 6.0)
2020-10-02 20:20:23.057995: I tensorflow/core/common_runtime/gpu/gpu_device.cc:1490] Adding visible gpu devices: 0
2020-10-02 20:20:23.058107: I tensorflow/core/common_runtime/gpu/gpu_device.cc:971] Device interconnect StreamExecutor with strength 1 edge matrix:
2020-10-02 20:20:23.058127: I tensorflow/core/common_runtime/gpu/gpu_device.cc:977]      0 
2020-10-02 20:20:23.058140: I tensorflow/core/common_runtime/gpu/gpu_device.cc:990] 0:   N 
2020-10-02 20:20:23.058229: I tensorflow/core/common_runtime/gpu/gpu_device.cc:1103] Created TensorFlow device (/job:localhost/replica:0/task:0/device:GPU:0 with 11283 MB memory) -> physical GPU (device: 0, name: Tesla P100-PCIE-12GB, pci bus id: 0000:03:00.0, compute capability: 6.0)
2020-10-02 20:22:15.763845: I tensorflow/core/common_runtime/gpu/gpu_device.cc:1490] Adding visible gpu devices: 0
2020-10-02 20:22:15.763949: I tensorflow/core/common_runtime/gpu/gpu_device.cc:971] Device interconnect StreamExecutor with strength 1 edge matrix:
2020-10-02 20:22:15.763968: I tensorflow/core/common_runtime/gpu/gpu_device.cc:977]      0 
2020-10-02 20:22:15.763981: I tensorflow/core/common_runtime/gpu/gpu_device.cc:990] 0:   N 
2020-10-02 20:22:15.764084: I tensorflow/core/common_runtime/gpu/gpu_device.cc:1103] Created TensorFlow device (/job:localhost/replica:0/task:0/device:GPU:0 with 11283 MB memory) -> physical GPU (device: 0, name: Tesla P100-PCIE-12GB, pci bus id: 0000:03:00.0, compute capability: 6.0)
2020-10-02 20:24:06.840981: I tensorflow/core/common_runtime/gpu/gpu_device.cc:1490] Adding visible gpu devices: 0
2020-10-02 20:24:06.841082: I tensorflow/core/common_runtime/gpu/gpu_device.cc:971] Device interconnect StreamExecutor with strength 1 edge matrix:
2020-10-02 20:24:06.841102: I tensorflow/core/common_runtime/gpu/gpu_device.cc:977]      0 
2020-10-02 20:24:06.841115: I tensorflow/core/common_runtime/gpu/gpu_device.cc:990] 0:   N 
2020-10-02 20:24:06.841196: I tensorflow/core/common_runtime/gpu/gpu_device.cc:1103] Created TensorFlow device (/job:localhost/replica:0/task:0/device:GPU:0 with 11283 MB memory) -> physical GPU (device: 0, name: Tesla P100-PCIE-12GB, pci bus id: 0000:03:00.0, compute capability: 6.0)
2020-10-02 20:25:58.075086: I tensorflow/core/common_runtime/gpu/gpu_device.cc:1490] Adding visible gpu devices: 0
2020-10-02 20:25:58.075187: I tensorflow/core/common_runtime/gpu/gpu_device.cc:971] Device interconnect StreamExecutor with strength 1 edge matrix:
2020-10-02 20:25:58.075207: I tensorflow/core/common_runtime/gpu/gpu_device.cc:977]      0 
2020-10-02 20:25:58.075220: I tensorflow/core/common_runtime/gpu/gpu_device.cc:990] 0:   N 
2020-10-02 20:25:58.075301: I tensorflow/core/common_runtime/gpu/gpu_device.cc:1103] Created TensorFlow device (/job:localhost/replica:0/task:0/device:GPU:0 with 11283 MB memory) -> physical GPU (device: 0, name: Tesla P100-PCIE-12GB, pci bus id: 0000:03:00.0, compute capability: 6.0)
2020-10-02 20:27:48.898291: I tensorflow/core/common_runtime/gpu/gpu_device.cc:1490] Adding visible gpu devices: 0
2020-10-02 20:27:48.898402: I tensorflow/core/common_runtime/gpu/gpu_device.cc:971] Device interconnect StreamExecutor with strength 1 edge matrix:
2020-10-02 20:27:48.898422: I tensorflow/core/common_runtime/gpu/gpu_device.cc:977]      0 
2020-10-02 20:27:48.898435: I tensorflow/core/common_runtime/gpu/gpu_device.cc:990] 0:   N 
2020-10-02 20:27:48.898549: I tensorflow/core/common_runtime/gpu/gpu_device.cc:1103] Created TensorFlow device (/job:localhost/replica:0/task:0/device:GPU:0 with 11283 MB memory) -> physical GPU (device: 0, name: Tesla P100-PCIE-12GB, pci bus id: 0000:03:00.0, compute capability: 6.0)
2020-10-02 20:29:39.827340: I tensorflow/core/common_runtime/gpu/gpu_device.cc:1490] Adding visible gpu devices: 0
2020-10-02 20:29:39.827451: I tensorflow/core/common_runtime/gpu/gpu_device.cc:971] Device interconnect StreamExecutor with strength 1 edge matrix:
2020-10-02 20:29:39.827471: I tensorflow/core/common_runtime/gpu/gpu_device.cc:977]      0 
2020-10-02 20:29:39.827484: I tensorflow/core/common_runtime/gpu/gpu_device.cc:990] 0:   N 
2020-10-02 20:29:39.827613: I tensorflow/core/common_runtime/gpu/gpu_device.cc:1103] Created TensorFlow device (/job:localhost/replica:0/task:0/device:GPU:0 with 11283 MB memory) -> physical GPU (device: 0, name: Tesla P100-PCIE-12GB, pci bus id: 0000:03:00.0, compute capability: 6.0)
2020-10-02 20:31:31.245456: I tensorflow/core/common_runtime/gpu/gpu_device.cc:1490] Adding visible gpu devices: 0
2020-10-02 20:31:31.245553: I tensorflow/core/common_runtime/gpu/gpu_device.cc:971] Device interconnect StreamExecutor with strength 1 edge matrix:
2020-10-02 20:31:31.245573: I tensorflow/core/common_runtime/gpu/gpu_device.cc:977]      0 
2020-10-02 20:31:31.245585: I tensorflow/core/common_runtime/gpu/gpu_device.cc:990] 0:   N 
2020-10-02 20:31:31.245689: I tensorflow/core/common_runtime/gpu/gpu_device.cc:1103] Created TensorFlow device (/job:localhost/replica:0/task:0/device:GPU:0 with 11283 MB memory) -> physical GPU (device: 0, name: Tesla P100-PCIE-12GB, pci bus id: 0000:03:00.0, compute capability: 6.0)
