
The following have been reloaded with a version change:
  1) GCC/4.9.2 => GCC/6.2.0
  2) Python/2.7.9-intel-2016.u3 => Python/2.7.13-intel-2017.u2
  3) SQLite/3.8.11.1-intel-2016.u3 => SQLite/3.13.0-intel-2017.u2
  4) Tcl/8.6.5-intel-2016.u3 => Tcl/8.6.5-intel-2017.u2
  5) Tk/8.6.5-intel-2016.u3 => Tk/8.6.5-intel-2017.u2
  6) bzip2/1.0.6-intel-2016.u3 => bzip2/1.0.6-intel-2017.u2
  7) icc/2016.u3-GCC-4.9.2 => icc/2017.u2-GCC-6.2.0
  8) iccifort/2016.u3-GCC-4.9.2 => iccifort/2017.u2-GCC-6.2.0
  9) ifort/2016.u3-GCC-4.9.2 => ifort/2017.u2-GCC-6.2.0
 10) iimpi/2016.u3-GCC-4.9.2 => iimpi/2017.u2-GCC-6.2.0
 11) imkl/11.3.3.210-iimpi-2016.u3-GCC-4.9.2 => imkl/2017.2.174-iimpi-2017.u2-GCC-6.2.0
 12) impi/5.1.3.223-iccifort-2016.u3-GCC-4.9.2 => impi/2017.2.174-iccifort-2017.u2-GCC-6.2.0
 13) intel/2016.u3 => intel/2017.u2
 14) libffi/3.2.1-intel-2016.u3 => libffi/3.2.1-intel-2017.u2
 15) libreadline/6.3-intel-2016.u3 => libreadline/6.3-intel-2017.u2
 16) ncurses/5.9-intel-2016.u3 => ncurses/6.0-intel-2017.u2
 17) zlib/1.2.8-intel-2016.u3 => zlib/1.2.8-intel-2017.u2

I tensorflow/stream_executor/dso_loader.cc:128] successfully opened CUDA library libcublas.so locally
I tensorflow/stream_executor/dso_loader.cc:128] successfully opened CUDA library libcudnn.so locally
I tensorflow/stream_executor/dso_loader.cc:128] successfully opened CUDA library libcufft.so locally
I tensorflow/stream_executor/dso_loader.cc:128] successfully opened CUDA library libcuda.so.1 locally
I tensorflow/stream_executor/dso_loader.cc:128] successfully opened CUDA library libcurand.so locally
E tensorflow/stream_executor/cuda/cuda_driver.cc:509] failed call to cuInit: CUDA_ERROR_NO_DEVICE
I tensorflow/stream_executor/cuda/cuda_diagnostics.cc:158] retrieving CUDA diagnostic information for host: spartan-gpgpu031.hpc.unimelb.edu.au
I tensorflow/stream_executor/cuda/cuda_diagnostics.cc:165] hostname: spartan-gpgpu031.hpc.unimelb.edu.au
I tensorflow/stream_executor/cuda/cuda_diagnostics.cc:189] libcuda reported version is: 450.51.5
I tensorflow/stream_executor/cuda/cuda_diagnostics.cc:363] driver version file contents: """NVRM version: NVIDIA UNIX x86_64 Kernel Module  450.51.05  Sun Jun 28 10:33:40 UTC 2020
GCC version:  gcc version 4.8.5 20150623 (Red Hat 4.8.5-39) (GCC) 
"""
I tensorflow/stream_executor/cuda/cuda_diagnostics.cc:193] kernel reported version is: 450.51.5
I tensorflow/stream_executor/cuda/cuda_diagnostics.cc:300] kernel version seems to match DSO: 450.51.5
Traceback (most recent call last):
  File "run.py", line 60, in <module>
    runner.erun()
  File "/data/gpfs/projects/punim1343/repo/GCN_AnomalyDetection/gae/anomaly_detection.py", line 55, in erun
    auc = roc_auc_score(y_true, reconstruction_errors)
  File "/usr/local/easybuild/software/scikit-learn/0.18-intel-2016.u3-Python-2.7.9/lib/python2.7/site-packages/sklearn/metrics/ranking.py", line 260, in roc_auc_score
    sample_weight=sample_weight)
  File "/usr/local/easybuild/software/scikit-learn/0.18-intel-2016.u3-Python-2.7.9/lib/python2.7/site-packages/sklearn/metrics/base.py", line 84, in _average_binary_score
    return binary_metric(y_true, y_score, sample_weight=sample_weight)
  File "/usr/local/easybuild/software/scikit-learn/0.18-intel-2016.u3-Python-2.7.9/lib/python2.7/site-packages/sklearn/metrics/ranking.py", line 255, in _binary_roc_auc_score
    sample_weight=sample_weight)
  File "/usr/local/easybuild/software/scikit-learn/0.18-intel-2016.u3-Python-2.7.9/lib/python2.7/site-packages/sklearn/metrics/ranking.py", line 505, in roc_curve
    y_true, y_score, pos_label=pos_label, sample_weight=sample_weight)
  File "/usr/local/easybuild/software/scikit-learn/0.18-intel-2016.u3-Python-2.7.9/lib/python2.7/site-packages/sklearn/metrics/ranking.py", line 301, in _binary_clf_curve
    assert_all_finite(y_score)
  File "/usr/local/easybuild/software/scikit-learn/0.18-intel-2016.u3-Python-2.7.9/lib/python2.7/site-packages/sklearn/utils/validation.py", line 65, in assert_all_finite
    _assert_all_finite(X.data if sp.issparse(X) else X)
  File "/usr/local/easybuild/software/scikit-learn/0.18-intel-2016.u3-Python-2.7.9/lib/python2.7/site-packages/sklearn/utils/validation.py", line 58, in _assert_all_finite
    " or a value too large for %r." % X.dtype)
ValueError: Input contains NaN, infinity or a value too large for dtype('float32').
---------------------------------------- acm_test_final ----------------------------------------
{'hidden3': 16, 'hidden2': 32, 'hidden1': 64, 'features': 1, 'learning_rate': 0.005, 'discriminator_out': 0, 'discriminator_learning_rate': 0.005, 'iterations': 300, 'alpha': 0.0, 'weight_decay': 0.0, 'dropout': 0.0}
feature number: 20
Epoch: 0010 train_loss= 64.34577
Epoch: 0020 train_loss= 64.21250
Epoch: 0030 train_loss= 64.20778
Epoch: 0040 train_loss= 64.20717
Epoch: 0050 train_loss= 64.20712
Epoch: 0060 train_loss= 64.20712
Epoch: 0070 train_loss= 64.20712
Epoch: 0080 train_loss= 64.20712
Epoch: 0090 train_loss= 64.20712
Epoch: 0100 train_loss= 64.20712
0.4986780813294725
Epoch: 0110 train_loss= 64.20712
Epoch: 0120 train_loss= 64.20712
Epoch: 0130 train_loss= 64.20712
Epoch: 0140 train_loss= 64.20712
Epoch: 0150 train_loss= 64.20712
Epoch: 0160 train_loss= 64.20712
Epoch: 0170 train_loss= 64.20712
Epoch: 0180 train_loss= 64.20712
Epoch: 0190 train_loss= 64.20712
Epoch: 0200 train_loss= 64.20712
0.4993705149187964
Epoch: 0210 train_loss= 64.20712
Epoch: 0220 train_loss= 64.20712
Epoch: 0230 train_loss= 64.20712
Epoch: 0240 train_loss= 64.20712
Epoch: 0250 train_loss= 64.20712
Epoch: 0260 train_loss= 64.20712
Epoch: 0270 train_loss= 64.20712
Epoch: 0280 train_loss= 64.20712
Epoch: 0290 train_loss= 64.20712
Epoch: 0300 train_loss= 64.20712
0.49965378320533804


---------------------------------------- Amazon ----------------------------------------
{'hidden3': 16, 'hidden2': 32, 'hidden1': 64, 'features': 1, 'learning_rate': 0.005, 'discriminator_out': 0, 'discriminator_learning_rate': 0.005, 'iterations': 300, 'alpha': 0.0, 'weight_decay': 0.0, 'dropout': 0.0}
feature number: 21
Epoch: 0010 train_loss= 37.60842
Epoch: 0020 train_loss= 37.60842
Epoch: 0030 train_loss= 37.60842
Epoch: 0040 train_loss= 37.60842
Epoch: 0050 train_loss= 37.60842
Epoch: 0060 train_loss= 37.60842
Epoch: 0070 train_loss= 37.60842
Epoch: 0080 train_loss= 37.60842
Epoch: 0090 train_loss= 37.60842
Epoch: 0100 train_loss= 37.60842
0.43621531346351494
Epoch: 0110 train_loss= 37.60842
Epoch: 0120 train_loss= 37.60842
Epoch: 0130 train_loss= 37.60842
Epoch: 0140 train_loss= 37.60842
Epoch: 0150 train_loss= 37.60842
Epoch: 0160 train_loss= 37.60842
Epoch: 0170 train_loss= 37.60842
Epoch: 0180 train_loss= 37.60842
Epoch: 0190 train_loss= 37.60842
Epoch: 0200 train_loss= 37.60842
0.43621531346351494
Epoch: 0210 train_loss= 37.60842
Epoch: 0220 train_loss= 37.60842
Epoch: 0230 train_loss= 37.60842
Epoch: 0240 train_loss= 37.60842
Epoch: 0250 train_loss= 37.60842
Epoch: 0260 train_loss= 37.60842
Epoch: 0270 train_loss= 37.60842
Epoch: 0280 train_loss= 37.60842
Epoch: 0290 train_loss= 37.60842
Epoch: 0300 train_loss= 37.60842
0.43621531346351494


---------------------------------------- BlogCatalog ----------------------------------------
{'hidden3': 16, 'hidden2': 32, 'hidden1': 64, 'features': 1, 'learning_rate': 0.005, 'discriminator_out': 0, 'discriminator_learning_rate': 0.005, 'iterations': 300, 'alpha': 0.0, 'weight_decay': 0.0, 'dropout': 0.0}
feature number: 8189
Epoch: 0010 train_loss= 36.04263
Epoch: 0020 train_loss= 36.04263
Epoch: 0030 train_loss= 36.04263
Epoch: 0040 train_loss= 36.04263
Epoch: 0050 train_loss= 36.04263
Epoch: 0060 train_loss= 36.04263
Epoch: 0070 train_loss= 36.04263
Epoch: 0080 train_loss= 36.04263
Epoch: 0090 train_loss= 36.04263
Epoch: 0100 train_loss= 36.04263
0.7315436241610738
Epoch: 0110 train_loss= 36.04263
Epoch: 0120 train_loss= 36.04263
Epoch: 0130 train_loss= 36.04263
Epoch: 0140 train_loss= 36.04263
Epoch: 0150 train_loss= 36.04263
Epoch: 0160 train_loss= 36.04263
Epoch: 0170 train_loss= 36.04263
Epoch: 0180 train_loss= 36.04263
Epoch: 0190 train_loss= 36.04263
Epoch: 0200 train_loss= 36.04263
0.7315436241610738
Epoch: 0210 train_loss= 36.04263
Epoch: 0220 train_loss= 36.04263
Epoch: 0230 train_loss= 36.04263
Epoch: 0240 train_loss= 36.04263
Epoch: 0250 train_loss= 36.04263
Epoch: 0260 train_loss= 36.04263
Epoch: 0270 train_loss= 36.04263
Epoch: 0280 train_loss= 36.04263
Epoch: 0290 train_loss= 36.04263
Epoch: 0300 train_loss= 36.04263
0.7315436241610738


---------------------------------------- Disney ----------------------------------------
{'hidden3': 16, 'hidden2': 32, 'hidden1': 64, 'features': 1, 'learning_rate': 0.005, 'discriminator_out': 0, 'discriminator_learning_rate': 0.005, 'iterations': 300, 'alpha': 0.0, 'weight_decay': 0.0, 'dropout': 0.0}
feature number: 28
Epoch: 0010 train_loss= 10.82509
Epoch: 0020 train_loss= 9.03229
Epoch: 0030 train_loss= 5.56776
Epoch: 0040 train_loss= 9.68618
Epoch: 0050 train_loss= 5.56776
Epoch: 0060 train_loss= 5.56776
Epoch: 0070 train_loss= 5.56776
Epoch: 0080 train_loss= 5.56776
Epoch: 0090 train_loss= 5.56776
Epoch: 0100 train_loss= 5.56776
0.5
Epoch: 0110 train_loss= 5.56776
Epoch: 0120 train_loss= 5.56776
Epoch: 0130 train_loss= 5.56776
Epoch: 0140 train_loss= 5.56776
Epoch: 0150 train_loss= 5.56776
Epoch: 0160 train_loss= 5.56776
Epoch: 0170 train_loss= 5.56776
Epoch: 0180 train_loss= 5.56776
Epoch: 0190 train_loss= 5.56776
Epoch: 0200 train_loss= 5.56776
0.5
Epoch: 0210 train_loss= 5.56776
Epoch: 0220 train_loss= 5.56776
Epoch: 0230 train_loss= 5.56776
Epoch: 0240 train_loss= 5.56776
Epoch: 0250 train_loss= 5.56776
Epoch: 0260 train_loss= 5.56776
Epoch: 0270 train_loss= 5.56776
Epoch: 0280 train_loss= 5.56776
Epoch: 0290 train_loss= 5.56776
Epoch: 0300 train_loss= 5.56776
0.5


---------------------------------------- Enron ----------------------------------------
{'hidden3': 16, 'hidden2': 32, 'hidden1': 64, 'features': 1, 'learning_rate': 0.005, 'discriminator_out': 0, 'discriminator_learning_rate': 0.005, 'iterations': 300, 'alpha': 0.0, 'weight_decay': 0.0, 'dropout': 0.0}
feature number: 18
Epoch: 0010 train_loss= 114.90335
Epoch: 0020 train_loss= 114.25668
Epoch: 0030 train_loss= 58.16698
Epoch: 0040 train_loss= 58.16698
Epoch: 0050 train_loss= 58.16698
Epoch: 0060 train_loss= 58.16698
Epoch: 0070 train_loss= 58.16698
Epoch: 0080 train_loss= 58.16698
Epoch: 0090 train_loss= 58.16698
Epoch: 0100 train_loss= 58.16698
0.5
Epoch: 0110 train_loss= 58.16698
Epoch: 0120 train_loss= 58.16698
Epoch: 0130 train_loss= 58.16698
Epoch: 0140 train_loss= 58.16698
Epoch: 0150 train_loss= 58.16698
Epoch: 0160 train_loss= 58.16698
Epoch: 0170 train_loss= 58.16698
Epoch: 0180 train_loss= 58.16698
Epoch: 0190 train_loss= 58.16698
Epoch: 0200 train_loss= 58.16698
0.5
Epoch: 0210 train_loss= 58.16698
Epoch: 0220 train_loss= 58.16698
Epoch: 0230 train_loss= 58.16698
Epoch: 0240 train_loss= 58.16698
Epoch: 0250 train_loss= 58.16698
Epoch: 0260 train_loss= 58.16698
Epoch: 0270 train_loss= 58.16698
Epoch: 0280 train_loss= 58.16698
Epoch: 0290 train_loss= 58.16698
Epoch: 0300 train_loss= 58.16698
0.5


---------------------------------------- Flickr1 ----------------------------------------
{'hidden3': 16, 'hidden2': 32, 'hidden1': 64, 'features': 1, 'learning_rate': 0.005, 'discriminator_out': 0, 'discriminator_learning_rate': 0.005, 'iterations': 300, 'alpha': 0.0, 'weight_decay': 0.0, 'dropout': 0.0}
feature number: 12047
Epoch: 0010 train_loss= 43.51708
Epoch: 0020 train_loss= nan
Epoch: 0030 train_loss= nan
Epoch: 0040 train_loss= nan
Epoch: 0050 train_loss= nan
Epoch: 0060 train_loss= nan
Epoch: 0070 train_loss= nan
Epoch: 0080 train_loss= nan
Epoch: 0090 train_loss= nan
Epoch: 0100 train_loss= nan
---------------------------------------- Flickr2 ----------------------------------------
{'hidden3': 16, 'hidden2': 32, 'hidden1': 64, 'features': 1, 'learning_rate': 0.005, 'discriminator_out': 0, 'discriminator_learning_rate': 0.005, 'iterations': 300, 'alpha': 0.0, 'weight_decay': 0.0, 'dropout': 0.0}
feature number: 20
Epoch: 0010 train_loss= 43.52938
Epoch: 0020 train_loss= 43.51700
Epoch: 0030 train_loss= 43.51700
Epoch: 0040 train_loss= 43.51700
Epoch: 0050 train_loss= 43.51700
Epoch: 0060 train_loss= 43.51700
Epoch: 0070 train_loss= 43.51700
Epoch: 0080 train_loss= 43.51700
Epoch: 0090 train_loss= 43.51700
Epoch: 0100 train_loss= 43.51700
0.7315436241610738
Epoch: 0110 train_loss= 43.51700
Epoch: 0120 train_loss= 43.51700
Epoch: 0130 train_loss= 43.51700
Epoch: 0140 train_loss= 43.51700
Traceback (most recent call last):
  File "run.py", line 60, in <module>
    runner.erun()
  File "/data/gpfs/projects/punim1343/repo/GCN_AnomalyDetection/gae/anomaly_detection.py", line 55, in erun
    auc = roc_auc_score(y_true, reconstruction_errors)
  File "/usr/local/easybuild/software/scikit-learn/0.18-intel-2016.u3-Python-2.7.9/lib/python2.7/site-packages/sklearn/metrics/ranking.py", line 260, in roc_auc_score
    sample_weight=sample_weight)
  File "/usr/local/easybuild/software/scikit-learn/0.18-intel-2016.u3-Python-2.7.9/lib/python2.7/site-packages/sklearn/metrics/base.py", line 81, in _average_binary_score
    raise ValueError("{0} format is not supported".format(y_type))
ValueError: multiclass format is not supported
Epoch: 0150 train_loss= 43.51700
Epoch: 0160 train_loss= 43.51700
Epoch: 0170 train_loss= 43.51700
Epoch: 0180 train_loss= 43.51700
Epoch: 0190 train_loss= 43.51700
Epoch: 0200 train_loss= 43.51700
0.7315436241610738
Epoch: 0210 train_loss= 43.51700
Epoch: 0220 train_loss= 43.51700
Epoch: 0230 train_loss= 43.51700
Epoch: 0240 train_loss= 43.51700
Epoch: 0250 train_loss= 43.51700
Epoch: 0260 train_loss= 43.51700
Epoch: 0270 train_loss= 43.51700
Epoch: 0280 train_loss= 43.51700
Epoch: 0290 train_loss= 43.51700
Epoch: 0300 train_loss= 43.51700
0.7315436241610738


---------------------------------------- Flickr3 ----------------------------------------
{'hidden3': 16, 'hidden2': 32, 'hidden1': 64, 'features': 1, 'learning_rate': 0.005, 'discriminator_out': 0, 'discriminator_learning_rate': 0.005, 'iterations': 300, 'alpha': 0.0, 'weight_decay': 0.0, 'dropout': 0.0}
feature number: 12047
Epoch: 0010 train_loss= 43.52330
Epoch: 0020 train_loss= 43.51637
Epoch: 0030 train_loss= 43.51637
Epoch: 0040 train_loss= 43.51637
Epoch: 0050 train_loss= 43.51637
Epoch: 0060 train_loss= 43.51637
Epoch: 0070 train_loss= 43.51637
Epoch: 0080 train_loss= 43.51637
Epoch: 0090 train_loss= 43.51637
Epoch: 0100 train_loss= 43.51637
