
The following have been reloaded with a version change:
  1) GCC/4.9.2 => GCC/6.2.0
  2) Python/2.7.9-intel-2016.u3 => Python/2.7.13-intel-2017.u2
  3) SQLite/3.8.11.1-intel-2016.u3 => SQLite/3.13.0-intel-2017.u2
  4) Tcl/8.6.5-intel-2016.u3 => Tcl/8.6.5-intel-2017.u2
  5) Tk/8.6.5-intel-2016.u3 => Tk/8.6.5-intel-2017.u2
  6) bzip2/1.0.6-intel-2016.u3 => bzip2/1.0.6-intel-2017.u2
  7) icc/2016.u3-GCC-4.9.2 => icc/2017.u2-GCC-6.2.0
  8) iccifort/2016.u3-GCC-4.9.2 => iccifort/2017.u2-GCC-6.2.0
  9) ifort/2016.u3-GCC-4.9.2 => ifort/2017.u2-GCC-6.2.0
 10) iimpi/2016.u3-GCC-4.9.2 => iimpi/2017.u2-GCC-6.2.0
 11) imkl/11.3.3.210-iimpi-2016.u3-GCC-4.9.2 => imkl/2017.2.174-iimpi-2017.u2-GCC-6.2.0
 12) impi/5.1.3.223-iccifort-2016.u3-GCC-4.9.2 => impi/2017.2.174-iccifort-2017.u2-GCC-6.2.0
 13) intel/2016.u3 => intel/2017.u2
 14) libffi/3.2.1-intel-2016.u3 => libffi/3.2.1-intel-2017.u2
 15) libreadline/6.3-intel-2016.u3 => libreadline/6.3-intel-2017.u2
 16) ncurses/5.9-intel-2016.u3 => ncurses/6.0-intel-2017.u2
 17) zlib/1.2.8-intel-2016.u3 => zlib/1.2.8-intel-2017.u2

I tensorflow/stream_executor/dso_loader.cc:128] successfully opened CUDA library libcublas.so locally
I tensorflow/stream_executor/dso_loader.cc:128] successfully opened CUDA library libcudnn.so locally
I tensorflow/stream_executor/dso_loader.cc:128] successfully opened CUDA library libcufft.so locally
I tensorflow/stream_executor/dso_loader.cc:128] successfully opened CUDA library libcuda.so.1 locally
I tensorflow/stream_executor/dso_loader.cc:128] successfully opened CUDA library libcurand.so locally
E tensorflow/stream_executor/cuda/cuda_driver.cc:509] failed call to cuInit: CUDA_ERROR_NO_DEVICE
I tensorflow/stream_executor/cuda/cuda_diagnostics.cc:158] retrieving CUDA diagnostic information for host: spartan-gpgpu041.hpc.unimelb.edu.au
I tensorflow/stream_executor/cuda/cuda_diagnostics.cc:165] hostname: spartan-gpgpu041.hpc.unimelb.edu.au
I tensorflow/stream_executor/cuda/cuda_diagnostics.cc:189] libcuda reported version is: 450.51.5
I tensorflow/stream_executor/cuda/cuda_diagnostics.cc:363] driver version file contents: """NVRM version: NVIDIA UNIX x86_64 Kernel Module  450.51.05  Sun Jun 28 10:33:40 UTC 2020
GCC version:  gcc version 4.8.5 20150623 (Red Hat 4.8.5-39) (GCC) 
"""
I tensorflow/stream_executor/cuda/cuda_diagnostics.cc:193] kernel reported version is: 450.51.5
I tensorflow/stream_executor/cuda/cuda_diagnostics.cc:300] kernel version seems to match DSO: 450.51.5
Traceback (most recent call last):
  File "run.py", line 60, in <module>
    runner.erun()
  File "/data/gpfs/projects/punim1343/repo/GCN_AnomalyDetection/gae/anomaly_detection.py", line 55, in erun
    auc = roc_auc_score(y_true, reconstruction_errors)
  File "/usr/local/easybuild/software/scikit-learn/0.18-intel-2016.u3-Python-2.7.9/lib/python2.7/site-packages/sklearn/metrics/ranking.py", line 260, in roc_auc_score
    sample_weight=sample_weight)
  File "/usr/local/easybuild/software/scikit-learn/0.18-intel-2016.u3-Python-2.7.9/lib/python2.7/site-packages/sklearn/metrics/base.py", line 84, in _average_binary_score
    return binary_metric(y_true, y_score, sample_weight=sample_weight)
  File "/usr/local/easybuild/software/scikit-learn/0.18-intel-2016.u3-Python-2.7.9/lib/python2.7/site-packages/sklearn/metrics/ranking.py", line 255, in _binary_roc_auc_score
    sample_weight=sample_weight)
  File "/usr/local/easybuild/software/scikit-learn/0.18-intel-2016.u3-Python-2.7.9/lib/python2.7/site-packages/sklearn/metrics/ranking.py", line 505, in roc_curve
    y_true, y_score, pos_label=pos_label, sample_weight=sample_weight)
  File "/usr/local/easybuild/software/scikit-learn/0.18-intel-2016.u3-Python-2.7.9/lib/python2.7/site-packages/sklearn/metrics/ranking.py", line 301, in _binary_clf_curve
    assert_all_finite(y_score)
  File "/usr/local/easybuild/software/scikit-learn/0.18-intel-2016.u3-Python-2.7.9/lib/python2.7/site-packages/sklearn/utils/validation.py", line 65, in assert_all_finite
    _assert_all_finite(X.data if sp.issparse(X) else X)
  File "/usr/local/easybuild/software/scikit-learn/0.18-intel-2016.u3-Python-2.7.9/lib/python2.7/site-packages/sklearn/utils/validation.py", line 58, in _assert_all_finite
    " or a value too large for %r." % X.dtype)
ValueError: Input contains NaN, infinity or a value too large for dtype('float32').
---------------------------------------- acm_test_final ----------------------------------------
{'hidden3': 16, 'hidden2': 32, 'hidden1': 64, 'features': 1, 'learning_rate': 0.005, 'discriminator_out': 0, 'discriminator_learning_rate': 0.005, 'iterations': 300, 'alpha': 0.1, 'weight_decay': 0.0, 'dropout': 0.0}
feature number: 20
Epoch: 0010 train_loss= 57.99968
Epoch: 0020 train_loss= 57.98159
Epoch: 0030 train_loss= 57.98149
Epoch: 0040 train_loss= 57.98145
Epoch: 0050 train_loss= 57.97979
Epoch: 0060 train_loss= 57.90099
Epoch: 0070 train_loss= 57.85071
Epoch: 0080 train_loss= 57.84726
Epoch: 0090 train_loss= 57.84400
Epoch: 0100 train_loss= 57.84249
0.8328073939865016
Epoch: 0110 train_loss= 57.84215
Epoch: 0120 train_loss= 57.84195
Epoch: 0130 train_loss= 57.84183
Epoch: 0140 train_loss= 57.84173
Epoch: 0150 train_loss= 57.84164
Epoch: 0160 train_loss= 57.84157
Epoch: 0170 train_loss= 57.84150
Epoch: 0180 train_loss= 57.84144
Epoch: 0190 train_loss= 57.84138
Epoch: 0200 train_loss= 57.84133
0.8626297760338398
Epoch: 0210 train_loss= 57.84128
Epoch: 0220 train_loss= 57.84124
Epoch: 0230 train_loss= 57.84119
Epoch: 0240 train_loss= 57.84116
Epoch: 0250 train_loss= 57.84113
Epoch: 0260 train_loss= 57.84109
Epoch: 0270 train_loss= 57.84107
Epoch: 0280 train_loss= 57.84104
Epoch: 0290 train_loss= 57.84102
Epoch: 0300 train_loss= 57.84100
0.8637045849672227


---------------------------------------- Amazon ----------------------------------------
{'hidden3': 16, 'hidden2': 32, 'hidden1': 64, 'features': 1, 'learning_rate': 0.005, 'discriminator_out': 0, 'discriminator_learning_rate': 0.005, 'iterations': 300, 'alpha': 0.1, 'weight_decay': 0.0, 'dropout': 0.0}
feature number: 21
Epoch: 0010 train_loss= 18507.42969
Epoch: 0020 train_loss= 18505.74414
Epoch: 0030 train_loss= 18505.89844
Epoch: 0040 train_loss= 18505.80469
Epoch: 0050 train_loss= 18505.58594
Epoch: 0060 train_loss= 18505.58984
Epoch: 0070 train_loss= 18505.60352
Epoch: 0080 train_loss= 18505.82812
Epoch: 0090 train_loss= 18505.58203
Epoch: 0100 train_loss= 18505.97656
0.624743062692703
Epoch: 0110 train_loss= 18506.99414
Epoch: 0120 train_loss= 18505.56641
Epoch: 0130 train_loss= 18505.77344
Epoch: 0140 train_loss= 18506.28906
Epoch: 0150 train_loss= 18505.62695
Epoch: 0160 train_loss= 18506.00000
Epoch: 0170 train_loss= 18505.68164
Epoch: 0180 train_loss= 18506.91602
Epoch: 0190 train_loss= 18505.61328
Epoch: 0200 train_loss= 18505.69922
0.6248972250770812
Epoch: 0210 train_loss= 18505.91602
Epoch: 0220 train_loss= 18505.61133
Epoch: 0230 train_loss= 18505.57617
Epoch: 0240 train_loss= 18506.16016
Epoch: 0250 train_loss= 18506.07812
Epoch: 0260 train_loss= 18505.87695
Epoch: 0270 train_loss= 18506.13867
Epoch: 0280 train_loss= 18505.96680
Epoch: 0290 train_loss= 18506.16797
Epoch: 0300 train_loss= 18506.29492
0.6244861253854059


---------------------------------------- BlogCatalog ----------------------------------------
{'hidden3': 16, 'hidden2': 32, 'hidden1': 64, 'features': 1, 'learning_rate': 0.005, 'discriminator_out': 0, 'discriminator_learning_rate': 0.005, 'iterations': 300, 'alpha': 0.1, 'weight_decay': 0.0, 'dropout': 0.0}
feature number: 8189
Epoch: 0010 train_loss= 32.55802
Epoch: 0020 train_loss= 32.55577
Epoch: 0030 train_loss= 32.55569
Epoch: 0040 train_loss= 32.55569
Epoch: 0050 train_loss= 32.55565
Epoch: 0060 train_loss= 32.55564
Epoch: 0070 train_loss= 32.55564
Epoch: 0080 train_loss= 32.55564
Epoch: 0090 train_loss= 32.55564
Epoch: 0100 train_loss= 32.55564
0.85185879183669
Epoch: 0110 train_loss= 32.55564
Epoch: 0120 train_loss= 32.55563
Epoch: 0130 train_loss= 32.55563
Epoch: 0140 train_loss= 32.55563
Epoch: 0150 train_loss= 32.55563
Epoch: 0160 train_loss= 32.55563
Epoch: 0170 train_loss= 32.55563
Epoch: 0180 train_loss= 32.55563
Epoch: 0190 train_loss= 32.55562
Epoch: 0200 train_loss= 32.55561
0.8519297014806756
Epoch: 0210 train_loss= 32.55561
Epoch: 0220 train_loss= 32.55561
Epoch: 0230 train_loss= 32.55560
Epoch: 0240 train_loss= 32.55560
Epoch: 0250 train_loss= 32.55560
Epoch: 0260 train_loss= 32.55559
Epoch: 0270 train_loss= 32.55559
Epoch: 0280 train_loss= 32.55559
Epoch: 0290 train_loss= 32.55558
Epoch: 0300 train_loss= 32.55558
0.8519194247206776


---------------------------------------- Disney ----------------------------------------
{'hidden3': 16, 'hidden2': 32, 'hidden1': 64, 'features': 1, 'learning_rate': 0.005, 'discriminator_out': 0, 'discriminator_learning_rate': 0.005, 'iterations': 300, 'alpha': 0.1, 'weight_decay': 0.0, 'dropout': 0.0}
feature number: 28
Epoch: 0010 train_loss= 1148.47961
Epoch: 0020 train_loss= 1146.32996
Epoch: 0030 train_loss= 1145.44556
Epoch: 0040 train_loss= 1142.97534
Epoch: 0050 train_loss= 1135.93640
Epoch: 0060 train_loss= 1120.54688
Epoch: 0070 train_loss= 1128.32788
Epoch: 0080 train_loss= 1108.11035
Epoch: 0090 train_loss= 1103.58679
Epoch: 0100 train_loss= 1101.04480
0.5621468926553672
Epoch: 0110 train_loss= 1093.45337
Epoch: 0120 train_loss= 1093.31470
Epoch: 0130 train_loss= 1086.88037
Epoch: 0140 train_loss= 1094.45447
Epoch: 0150 train_loss= 1082.73669
Epoch: 0160 train_loss= 1079.39954
Epoch: 0170 train_loss= 1070.65784
Epoch: 0180 train_loss= 1072.95251
Epoch: 0190 train_loss= 1073.57214
Epoch: 0200 train_loss= 1071.16003
0.5451977401129944
Epoch: 0210 train_loss= 1066.70728
Epoch: 0220 train_loss= 1061.83899
Epoch: 0230 train_loss= 1060.61951
Epoch: 0240 train_loss= 1064.29712
Epoch: 0250 train_loss= 1065.86511
Epoch: 0260 train_loss= 1069.64001
Epoch: 0270 train_loss= 1062.66443
Epoch: 0280 train_loss= 1066.84888
Epoch: 0290 train_loss= 1056.76428
Epoch: 0300 train_loss= 1055.57507
0.5451977401129944


---------------------------------------- Enron ----------------------------------------
{'hidden3': 16, 'hidden2': 32, 'hidden1': 64, 'features': 1, 'learning_rate': 0.005, 'discriminator_out': 0, 'discriminator_learning_rate': 0.005, 'iterations': 300, 'alpha': 0.1, 'weight_decay': 0.0, 'dropout': 0.0}
feature number: 18
Epoch: 0010 train_loss= 114795192.00000
Epoch: 0020 train_loss= 114795192.00000
Epoch: 0030 train_loss= 114795144.00000
Epoch: 0040 train_loss= 114795144.00000
Epoch: 0050 train_loss= 114795144.00000
Epoch: 0060 train_loss= 114795144.00000
Epoch: 0070 train_loss= 114795144.00000
Epoch: 0080 train_loss= 114795144.00000
Epoch: 0090 train_loss= 114795144.00000
Epoch: 0100 train_loss= 114795144.00000
0.7310762862211708
Epoch: 0110 train_loss= 114795144.00000
Epoch: 0120 train_loss= 114795144.00000
Epoch: 0130 train_loss= 114795144.00000
Epoch: 0140 train_loss= 114795144.00000
Epoch: 0150 train_loss= 114795144.00000
Epoch: 0160 train_loss= 114795144.00000
Epoch: 0170 train_loss= 114795144.00000
Epoch: 0180 train_loss= 114795144.00000
Epoch: 0190 train_loss= 114795144.00000
Epoch: 0200 train_loss= 114795144.00000
0.7310762862211709
Epoch: 0210 train_loss= 114795144.00000
Epoch: 0220 train_loss= 114795144.00000
Epoch: 0230 train_loss= 114795144.00000
Epoch: 0240 train_loss= 114795144.00000
Epoch: 0250 train_loss= 114795144.00000
Epoch: 0260 train_loss= 114795144.00000
Epoch: 0270 train_loss= 114795144.00000
Epoch: 0280 train_loss= 114795144.00000
Epoch: 0290 train_loss= 114795144.00000
Epoch: 0300 train_loss= 114795144.00000
0.7310762862211708


---------------------------------------- Flickr1 ----------------------------------------
{'hidden3': 16, 'hidden2': 32, 'hidden1': 64, 'features': 1, 'learning_rate': 0.005, 'discriminator_out': 0, 'discriminator_learning_rate': 0.005, 'iterations': 300, 'alpha': 0.1, 'weight_decay': 0.0, 'dropout': 0.0}
feature number: 12047
Epoch: 0010 train_loss= 39.28342
Epoch: 0020 train_loss= nan
Epoch: 0030 train_loss= nan
Epoch: 0040 train_loss= nan
Epoch: 0050 train_loss= nan
Epoch: 0060 train_loss= nan
Epoch: 0070 train_loss= nan
Epoch: 0080 train_loss= nan
Epoch: 0090 train_loss= nan
Epoch: 0100 train_loss= nan
---------------------------------------- Flickr2 ----------------------------------------
{'hidden3': 16, 'hidden2': 32, 'hidden1': 64, 'features': 1, 'learning_rate': 0.005, 'discriminator_out': 0, 'discriminator_learning_rate': 0.005, 'iterations': 300, 'alpha': 0.1, 'weight_decay': 0.0, 'dropout': 0.0}
feature number: 20
Epoch: 0010Traceback (most recent call last):
  File "run.py", line 60, in <module>
    runner.erun()
  File "/data/gpfs/projects/punim1343/repo/GCN_AnomalyDetection/gae/anomaly_detection.py", line 55, in erun
    auc = roc_auc_score(y_true, reconstruction_errors)
  File "/usr/local/easybuild/software/scikit-learn/0.18-intel-2016.u3-Python-2.7.9/lib/python2.7/site-packages/sklearn/metrics/ranking.py", line 260, in roc_auc_score
    sample_weight=sample_weight)
  File "/usr/local/easybuild/software/scikit-learn/0.18-intel-2016.u3-Python-2.7.9/lib/python2.7/site-packages/sklearn/metrics/base.py", line 81, in _average_binary_score
    raise ValueError("{0} format is not supported".format(y_type))
ValueError: multiclass format is not supported
 train_loss= 39.33481
Epoch: 0020 train_loss= 39.33486
Epoch: 0030 train_loss= 39.33486
Epoch: 0040 train_loss= 39.33486
Epoch: 0050 train_loss= 39.33486
Epoch: 0060 train_loss= 39.33486
Epoch: 0070 train_loss= 39.33486
Epoch: 0080 train_loss= 39.33486
Epoch: 0090 train_loss= 39.33486
Epoch: 0100 train_loss= 39.33486
0.8953915867599688
Epoch: 0110 train_loss= 39.33486
Epoch: 0120 train_loss= 39.33486
Epoch: 0130 train_loss= 39.33486
Epoch: 0140 train_loss= 39.33486
Epoch: 0150 train_loss= 39.33486
Epoch: 0160 train_loss= 39.33486
Epoch: 0170 train_loss= 39.33486
Epoch: 0180 train_loss= 39.33486
Epoch: 0190 train_loss= 39.33486
Epoch: 0200 train_loss= 39.33486
0.8953915867599688
Epoch: 0210 train_loss= 39.33486
Epoch: 0220 train_loss= 39.33486
Epoch: 0230 train_loss= 39.33486
Epoch: 0240 train_loss= 39.33486
Epoch: 0250 train_loss= 39.33486
Epoch: 0260 train_loss= 39.33486
Epoch: 0270 train_loss= 39.33486
Epoch: 0280 train_loss= 39.33486
Epoch: 0290 train_loss= 39.33486
Epoch: 0300 train_loss= 39.33486
0.8953915867599688


---------------------------------------- Flickr3 ----------------------------------------
{'hidden3': 16, 'hidden2': 32, 'hidden1': 64, 'features': 1, 'learning_rate': 0.005, 'discriminator_out': 0, 'discriminator_learning_rate': 0.005, 'iterations': 300, 'alpha': 0.1, 'weight_decay': 0.0, 'dropout': 0.0}
feature number: 12047
Epoch: 0010 train_loss= 39.87406
Epoch: 0020 train_loss= 39.86919
Epoch: 0030 train_loss= 39.86795
Epoch: 0040 train_loss= 39.86791
Epoch: 0050 train_loss= 39.86791
Epoch: 0060 train_loss= 39.86790
Epoch: 0070 train_loss= 39.86790
Epoch: 0080 train_loss= 39.86790
Epoch: 0090 train_loss= 39.86790
Epoch: 0100 train_loss= 39.86790
