
The following have been reloaded with a version change:
  1) GCC/4.9.2 => GCC/6.2.0
  2) Python/2.7.9-intel-2016.u3 => Python/2.7.13-intel-2017.u2
  3) SQLite/3.8.11.1-intel-2016.u3 => SQLite/3.13.0-intel-2017.u2
  4) Tcl/8.6.5-intel-2016.u3 => Tcl/8.6.5-intel-2017.u2
  5) Tk/8.6.5-intel-2016.u3 => Tk/8.6.5-intel-2017.u2
  6) bzip2/1.0.6-intel-2016.u3 => bzip2/1.0.6-intel-2017.u2
  7) icc/2016.u3-GCC-4.9.2 => icc/2017.u2-GCC-6.2.0
  8) iccifort/2016.u3-GCC-4.9.2 => iccifort/2017.u2-GCC-6.2.0
  9) ifort/2016.u3-GCC-4.9.2 => ifort/2017.u2-GCC-6.2.0
 10) iimpi/2016.u3-GCC-4.9.2 => iimpi/2017.u2-GCC-6.2.0
 11) imkl/11.3.3.210-iimpi-2016.u3-GCC-4.9.2 => imkl/2017.2.174-iimpi-2017.u2-GCC-6.2.0
 12) impi/5.1.3.223-iccifort-2016.u3-GCC-4.9.2 => impi/2017.2.174-iccifort-2017.u2-GCC-6.2.0
 13) intel/2016.u3 => intel/2017.u2
 14) libffi/3.2.1-intel-2016.u3 => libffi/3.2.1-intel-2017.u2
 15) libreadline/6.3-intel-2016.u3 => libreadline/6.3-intel-2017.u2
 16) ncurses/5.9-intel-2016.u3 => ncurses/6.0-intel-2017.u2
 17) zlib/1.2.8-intel-2016.u3 => zlib/1.2.8-intel-2017.u2

I tensorflow/stream_executor/dso_loader.cc:128] successfully opened CUDA library libcublas.so locally
I tensorflow/stream_executor/dso_loader.cc:128] successfully opened CUDA library libcudnn.so locally
I tensorflow/stream_executor/dso_loader.cc:128] successfully opened CUDA library libcufft.so locally
I tensorflow/stream_executor/dso_loader.cc:128] successfully opened CUDA library libcuda.so.1 locally
I tensorflow/stream_executor/dso_loader.cc:128] successfully opened CUDA library libcurand.so locally
E tensorflow/stream_executor/cuda/cuda_driver.cc:509] failed call to cuInit: CUDA_ERROR_NO_DEVICE
I tensorflow/stream_executor/cuda/cuda_diagnostics.cc:158] retrieving CUDA diagnostic information for host: spartan-gpgpu014.hpc.unimelb.edu.au
I tensorflow/stream_executor/cuda/cuda_diagnostics.cc:165] hostname: spartan-gpgpu014.hpc.unimelb.edu.au
I tensorflow/stream_executor/cuda/cuda_diagnostics.cc:189] libcuda reported version is: 450.51.5
I tensorflow/stream_executor/cuda/cuda_diagnostics.cc:363] driver version file contents: """NVRM version: NVIDIA UNIX x86_64 Kernel Module  450.51.05  Sun Jun 28 10:33:40 UTC 2020
GCC version:  gcc version 4.8.5 20150623 (Red Hat 4.8.5-39) (GCC) 
"""
I tensorflow/stream_executor/cuda/cuda_diagnostics.cc:193] kernel reported version is: 450.51.5
I tensorflow/stream_executor/cuda/cuda_diagnostics.cc:300] kernel version seems to match DSO: 450.51.5
Traceback (most recent call last):
  File "run.py", line 60, in <module>
    runner.erun()
  File "/data/gpfs/projects/punim1343/repo/GCN_AnomalyDetection/gae/anomaly_detection.py", line 55, in erun
    auc = roc_auc_score(y_true, reconstruction_errors)
  File "/usr/local/easybuild/software/scikit-learn/0.18-intel-2016.u3-Python-2.7.9/lib/python2.7/site-packages/sklearn/metrics/ranking.py", line 260, in roc_auc_score
    sample_weight=sample_weight)
  File "/usr/local/easybuild/software/scikit-learn/0.18-intel-2016.u3-Python-2.7.9/lib/python2.7/site-packages/sklearn/metrics/base.py", line 84, in _average_binary_score
    return binary_metric(y_true, y_score, sample_weight=sample_weight)
  File "/usr/local/easybuild/software/scikit-learn/0.18-intel-2016.u3-Python-2.7.9/lib/python2.7/site-packages/sklearn/metrics/ranking.py", line 255, in _binary_roc_auc_score
    sample_weight=sample_weight)
  File "/usr/local/easybuild/software/scikit-learn/0.18-intel-2016.u3-Python-2.7.9/lib/python2.7/site-packages/sklearn/metrics/ranking.py", line 505, in roc_curve
    y_true, y_score, pos_label=pos_label, sample_weight=sample_weight)
  File "/usr/local/easybuild/software/scikit-learn/0.18-intel-2016.u3-Python-2.7.9/lib/python2.7/site-packages/sklearn/metrics/ranking.py", line 301, in _binary_clf_curve
    assert_all_finite(y_score)
  File "/usr/local/easybuild/software/scikit-learn/0.18-intel-2016.u3-Python-2.7.9/lib/python2.7/site-packages/sklearn/utils/validation.py", line 65, in assert_all_finite
    _assert_all_finite(X.data if sp.issparse(X) else X)
  File "/usr/local/easybuild/software/scikit-learn/0.18-intel-2016.u3-Python-2.7.9/lib/python2.7/site-packages/sklearn/utils/validation.py", line 58, in _assert_all_finite
    " or a value too large for %r." % X.dtype)
ValueError: Input contains NaN, infinity or a value too large for dtype('float32').
---------------------------------------- acm_test_final ----------------------------------------
{'hidden3': 16, 'hidden2': 32, 'hidden1': 64, 'features': 1, 'learning_rate': 0.005, 'discriminator_out': 0, 'discriminator_learning_rate': 0.005, 'iterations': 300, 'alpha': 0.2, 'weight_decay': 0.0, 'dropout': 0.0}
feature number: 20
Epoch: 0010 train_loss= 51.77916
Epoch: 0020 train_loss= 51.54190
Epoch: 0030 train_loss= 51.50719
Epoch: 0040 train_loss= 51.50924
Epoch: 0050 train_loss= 51.50570
Epoch: 0060 train_loss= 51.50586
Epoch: 0070 train_loss= 51.50525
Epoch: 0080 train_loss= 51.50508
Epoch: 0090 train_loss= 51.50487
Epoch: 0100 train_loss= 51.50474
0.8519259506593173
Epoch: 0110 train_loss= 51.50447
Epoch: 0120 train_loss= 51.50417
Epoch: 0130 train_loss= 51.50389
Epoch: 0140 train_loss= 51.50364
Epoch: 0150 train_loss= 51.50344
Epoch: 0160 train_loss= 51.50326
Epoch: 0170 train_loss= 51.47538
Epoch: 0180 train_loss= 51.47459
Epoch: 0190 train_loss= 51.47437
Epoch: 0200 train_loss= 51.47372
0.8686095685100825
Epoch: 0210 train_loss= 51.47329
Epoch: 0220 train_loss= 51.47300
Epoch: 0230 train_loss= 51.47275
Epoch: 0240 train_loss= 51.47254
Epoch: 0250 train_loss= 51.47235
Epoch: 0260 train_loss= 51.47218
Epoch: 0270 train_loss= 51.47203
Epoch: 0280 train_loss= 51.47190
Epoch: 0290 train_loss= 51.47177
Epoch: 0300 train_loss= 51.47165
0.8777598920738354


---------------------------------------- Amazon ----------------------------------------
{'hidden3': 16, 'hidden2': 32, 'hidden1': 64, 'features': 1, 'learning_rate': 0.005, 'discriminator_out': 0, 'discriminator_learning_rate': 0.005, 'iterations': 300, 'alpha': 0.2, 'weight_decay': 0.0, 'dropout': 0.0}
feature number: 21
Epoch: 0010 train_loss= 38825.48438
Epoch: 0020 train_loss= 38825.48438
Epoch: 0030 train_loss= 38825.48438
Epoch: 0040 train_loss= 38825.48438
Epoch: 0050 train_loss= 38825.48438
Epoch: 0060 train_loss= 38825.48438
Epoch: 0070 train_loss= 38825.48438
Epoch: 0080 train_loss= 38825.48438
Epoch: 0090 train_loss= 38825.48438
Epoch: 0100 train_loss= 38825.48438
0.436292394655704
Epoch: 0110 train_loss= 38825.48438
Epoch: 0120 train_loss= 38825.48438
Epoch: 0130 train_loss= 38825.48438
Epoch: 0140 train_loss= 38825.48438
Epoch: 0150 train_loss= 38825.48438
Epoch: 0160 train_loss= 38825.48438
Epoch: 0170 train_loss= 38825.48438
Epoch: 0180 train_loss= 38825.48438
Epoch: 0190 train_loss= 38825.48438
Epoch: 0200 train_loss= 38825.48438
0.436292394655704
Epoch: 0210 train_loss= 38825.48438
Epoch: 0220 train_loss= 38825.48438
Epoch: 0230 train_loss= 38825.48438
Epoch: 0240 train_loss= 38825.48438
Epoch: 0250 train_loss= 38825.48438
Epoch: 0260 train_loss= 38825.48438
Epoch: 0270 train_loss= 38825.48438
Epoch: 0280 train_loss= 38825.48438
Epoch: 0290 train_loss= 38825.48438
Epoch: 0300 train_loss= 38825.48438
0.436292394655704


---------------------------------------- BlogCatalog ----------------------------------------
{'hidden3': 16, 'hidden2': 32, 'hidden1': 64, 'features': 1, 'learning_rate': 0.005, 'discriminator_out': 0, 'discriminator_learning_rate': 0.005, 'iterations': 300, 'alpha': 0.2, 'weight_decay': 0.0, 'dropout': 0.0}
feature number: 8189
Epoch: 0010 train_loss= 29.06957
Epoch: 0020 train_loss= 29.06872
Epoch: 0030 train_loss= 29.06864
Epoch: 0040 train_loss= 29.06862
Epoch: 0050 train_loss= 29.06858
Epoch: 0060 train_loss= 29.06855
Epoch: 0070 train_loss= 29.06853
Epoch: 0080 train_loss= 29.06852
Epoch: 0090 train_loss= 29.06851
Epoch: 0100 train_loss= 29.06849
0.8136480853711007
Epoch: 0110 train_loss= 29.06862
Epoch: 0120 train_loss= 29.06854
Epoch: 0130 train_loss= 29.06849
Epoch: 0140 train_loss= 29.06847
Epoch: 0150 train_loss= 29.06845
Epoch: 0160 train_loss= 29.06845
Epoch: 0170 train_loss= 29.06843
Epoch: 0180 train_loss= 29.06842
Epoch: 0190 train_loss= 29.06841
Epoch: 0200 train_loss= 29.06840
0.8135586775591188
Epoch: 0210 train_loss= 29.06839
Epoch: 0220 train_loss= 29.06841
Epoch: 0230 train_loss= 29.06837
Epoch: 0240 train_loss= 29.06836
Epoch: 0250 train_loss= 29.06834
Epoch: 0260 train_loss= 29.06834
Epoch: 0270 train_loss= 29.06833
Epoch: 0280 train_loss= 29.06831
Epoch: 0290 train_loss= 29.06832
Epoch: 0300 train_loss= 29.06839
0.8135535391791199


---------------------------------------- Disney ----------------------------------------
{'hidden3': 16, 'hidden2': 32, 'hidden1': 64, 'features': 1, 'learning_rate': 0.005, 'discriminator_out': 0, 'discriminator_learning_rate': 0.005, 'iterations': 300, 'alpha': 0.2, 'weight_decay': 0.0, 'dropout': 0.0}
feature number: 28
Epoch: 0010 train_loss= 2281.58472
Epoch: 0020 train_loss= 2269.17065
Epoch: 0030 train_loss= 2245.39038
Epoch: 0040 train_loss= 2208.37915
Epoch: 0050 train_loss= 2179.27490
Epoch: 0060 train_loss= 2165.50537
Epoch: 0070 train_loss= 2181.31396
Epoch: 0080 train_loss= 2149.88184
Epoch: 0090 train_loss= 2138.40454
Epoch: 0100 train_loss= 2136.86328
0.5550847457627119
Epoch: 0110 train_loss= 2140.48901
Epoch: 0120 train_loss= 2115.18018
Epoch: 0130 train_loss= 2115.77222
Epoch: 0140 train_loss= 2136.99414
Epoch: 0150 train_loss= 2110.98804
Epoch: 0160 train_loss= 2127.76074
Epoch: 0170 train_loss= 2131.01538
Epoch: 0180 train_loss= 2105.25830
Epoch: 0190 train_loss= 2133.54858
Epoch: 0200 train_loss= 2127.34058
0.5155367231638418
Epoch: 0210 train_loss= 2120.09082
Epoch: 0220 train_loss= 2107.27539
Epoch: 0230 train_loss= 2102.72632
Epoch: 0240 train_loss= 2121.14429
Epoch: 0250 train_loss= 2086.44116
Epoch: 0260 train_loss= 2095.31860
Epoch: 0270 train_loss= 2084.51270
Epoch: 0280 train_loss= 2111.28687
Epoch: 0290 train_loss= 2114.24780
Epoch: 0300 train_loss= 2082.61963
0.5014124293785311


---------------------------------------- Enron ----------------------------------------
{'hidden3': 16, 'hidden2': 32, 'hidden1': 64, 'features': 1, 'learning_rate': 0.005, 'discriminator_out': 0, 'discriminator_learning_rate': 0.005, 'iterations': 300, 'alpha': 0.2, 'weight_decay': 0.0, 'dropout': 0.0}
feature number: 18
Epoch: 0010 train_loss= 229590272.00000
Epoch: 0020 train_loss= 229590272.00000
Epoch: 0030 train_loss= 226965968.00000
Epoch: 0040 train_loss= 226859776.00000
Epoch: 0050 train_loss= 226870912.00000
Epoch: 0060 train_loss= 226843744.00000
Epoch: 0070 train_loss= 226841440.00000
Epoch: 0080 train_loss= 226841472.00000
Epoch: 0090 train_loss= 226841568.00000
Epoch: 0100 train_loss= 226842496.00000
0.6895623891188646
Epoch: 0110 train_loss= 226842016.00000
Epoch: 0120 train_loss= 226841264.00000
Epoch: 0130 train_loss= 226841296.00000
Epoch: 0140 train_loss= 226841680.00000
Epoch: 0150 train_loss= 226841312.00000
Epoch: 0160 train_loss= 226841120.00000
Epoch: 0170 train_loss= 226841808.00000
Epoch: 0180 train_loss= 226841472.00000
Epoch: 0190 train_loss= 226841184.00000
Epoch: 0200 train_loss= 226840496.00000
0.6901094027202839
Epoch: 0210 train_loss= 226840064.00000
Epoch: 0220 train_loss= 226839776.00000
Epoch: 0230 train_loss= 226841440.00000
Epoch: 0240 train_loss= 226840960.00000
Epoch: 0250 train_loss= 226840240.00000
Epoch: 0260 train_loss= 226840352.00000
Epoch: 0270 train_loss= 226840544.00000
Epoch: 0280 train_loss= 226840224.00000
Epoch: 0290 train_loss= 226839728.00000
Epoch: 0300 train_loss= 226839088.00000
0.6903903015966883


---------------------------------------- Flickr1 ----------------------------------------
{'hidden3': 16, 'hidden2': 32, 'hidden1': 64, 'features': 1, 'learning_rate': 0.005, 'discriminator_out': 0, 'discriminator_learning_rate': 0.005, 'iterations': 300, 'alpha': 0.2, 'weight_decay': 0.0, 'dropout': 0.0}
feature number: 12047
Epoch: 0010 train_loss= 35.04988
Epoch: 0020 train_loss= 35.04985
Epoch: 0030 train_loss= 35.04980
Epoch: 0040 train_loss= nan
Epoch: 0050 train_loss= nan
Epoch: 0060 train_loss= nan
Epoch: 0070 train_loss= nan
Epoch: 0080 train_loss= nan
Epoch: 0090 train_loss= nan
Epoch: 0100 train_loss= nan
---------------------------------------- Flickr2 ----------------------------------------
{'hidden3': 16, 'hidden2': 32, 'hidden1': 64, 'features': 1, 'learning_rate': 0.005, 'discriminator_out': 0, 'discriminator_learning_rate': 0.005, 'iterations': 300, 'alpha': 0.2, 'weight_decay': 0.0, 'dropout': 0.0}
feature number: 20
ETraceback (most recent call last):
  File "run.py", line 60, in <module>
    runner.erun()
  File "/data/gpfs/projects/punim1343/repo/GCN_AnomalyDetection/gae/anomaly_detection.py", line 55, in erun
    auc = roc_auc_score(y_true, reconstruction_errors)
  File "/usr/local/easybuild/software/scikit-learn/0.18-intel-2016.u3-Python-2.7.9/lib/python2.7/site-packages/sklearn/metrics/ranking.py", line 260, in roc_auc_score
    sample_weight=sample_weight)
  File "/usr/local/easybuild/software/scikit-learn/0.18-intel-2016.u3-Python-2.7.9/lib/python2.7/site-packages/sklearn/metrics/base.py", line 81, in _average_binary_score
    raise ValueError("{0} format is not supported".format(y_type))
ValueError: multiclass format is not supported
poch: 0010 train_loss= 35.15297
Epoch: 0020 train_loss= 35.11538
Epoch: 0030 train_loss= 35.06696
Epoch: 0040 train_loss= 35.05345
Epoch: 0050 train_loss= 35.05314
Epoch: 0060 train_loss= 35.05238
Epoch: 0070 train_loss= 35.05231
Epoch: 0080 train_loss= 35.05229
Epoch: 0090 train_loss= 35.05225
Epoch: 0100 train_loss= 35.05225
0.5573429422236282
Epoch: 0110 train_loss= 35.05224
Epoch: 0120 train_loss= 35.05224
Epoch: 0130 train_loss= 35.05224
Epoch: 0140 train_loss= 35.05224
Epoch: 0150 train_loss= 35.05224
Epoch: 0160 train_loss= 35.05224
Epoch: 0170 train_loss= 35.05224
Epoch: 0180 train_loss= 35.05224
Epoch: 0190 train_loss= 35.05224
Epoch: 0200 train_loss= 35.05224
0.5572676177635163
Epoch: 0210 train_loss= 35.05224
Epoch: 0220 train_loss= 35.05224
Epoch: 0230 train_loss= 35.05224
Epoch: 0240 train_loss= 35.05224
Epoch: 0250 train_loss= 35.05224
Epoch: 0260 train_loss= 35.05224
Epoch: 0270 train_loss= 35.05224
Epoch: 0280 train_loss= 35.05224
Epoch: 0290 train_loss= 35.05224
Epoch: 0300 train_loss= 35.05224
0.5572679316154335


---------------------------------------- Flickr3 ----------------------------------------
{'hidden3': 16, 'hidden2': 32, 'hidden1': 64, 'features': 1, 'learning_rate': 0.005, 'discriminator_out': 0, 'discriminator_learning_rate': 0.005, 'iterations': 300, 'alpha': 0.2, 'weight_decay': 0.0, 'dropout': 0.0}
feature number: 12047
Epoch: 0010 train_loss= 36.22149
Epoch: 0020 train_loss= nan
Epoch: 0030 train_loss= nan
Epoch: 0040 train_loss= nan
Epoch: 0050 train_loss= nan
Epoch: 0060 train_loss= nan
Epoch: 0070 train_loss= nan
Epoch: 0080 train_loss= nan
Epoch: 0090 train_loss= nan
Epoch: 0100 train_loss= nan
